Start testing: Aug 20 13:49 EDT
----------------------------------------------------------
1/2 Testing: closed_loop_turn_test_math
1/2 Test: closed_loop_turn_test_math
Command: "/usr/bin/python3" "-u" "/opt/ros/jazzy/share/ament_cmake_test/cmake/run_test.py" "/home/hamr/hamster_ws/src/hamr_control/build/hamr_bringup/test_results/hamr_bringup/closed_loop_turn_test_math.xunit.xml" "--package-name" "hamr_bringup" "--output-file" "/home/hamr/hamster_ws/src/hamr_control/build/hamr_bringup/ament_cmake_pytest/closed_loop_turn_test_math.txt" "--command" "/usr/bin/python3" "-u" "-m" "pytest" "/home/hamr/hamster_ws/src/hamr_control/hamr_bringup/test/test_closed_loop_turn_test.py" "-o" "cache_dir=/home/hamr/hamster_ws/src/hamr_control/build/hamr_bringup/ament_cmake_pytest/closed_loop_turn_test_math/.cache" "--junit-xml=/home/hamr/hamster_ws/src/hamr_control/build/hamr_bringup/test_results/hamr_bringup/closed_loop_turn_test_math.xunit.xml" "--junit-prefix=hamr_bringup"
Directory: /home/hamr/hamster_ws/src/hamr_control/build/hamr_bringup
"closed_loop_turn_test_math" start time: Aug 20 13:49 EDT
Output:
----------------------------------------------------------
-- run_test.py: invoking following command in '/home/hamr/hamster_ws/src/hamr_control/build/hamr_bringup':
 - /usr/bin/python3 -u -m pytest /home/hamr/hamster_ws/src/hamr_control/hamr_bringup/test/test_closed_loop_turn_test.py -o cache_dir=/home/hamr/hamster_ws/src/hamr_control/build/hamr_bringup/ament_cmake_pytest/closed_loop_turn_test_math/.cache --junit-xml=/home/hamr/hamster_ws/src/hamr_control/build/hamr_bringup/test_results/hamr_bringup/closed_loop_turn_test_math.xunit.xml --junit-prefix=hamr_bringup
============================= test session starts ==============================
platform linux -- Python 3.12.3, pytest-7.4.4, pluggy-1.4.0
cachedir: build/hamr_bringup/ament_cmake_pytest/closed_loop_turn_test_math/.cache
rootdir: /home/hamr/hamster_ws/src/hamr_control
plugins: ament-copyright-0.17.5, launch-testing-ros-0.26.12, launch-testing-3.4.11, ament-xmllint-0.17.5, ament-flake8-0.17.5, ament-lint-0.17.5, ament-pep257-0.17.5, colcon-core-0.20.1, cov-4.1.0
collected 44 items

../../hamr_bringup/test/test_closed_loop_turn_test.py .................. [ 40%]
..........................                                               [100%]

- generated xml file: /home/hamr/hamster_ws/src/hamr_control/build/hamr_bringup/test_results/hamr_bringup/closed_loop_turn_test_math.xunit.xml -
============================== 44 passed in 0.70s ==============================
-- run_test.py: return code 0
-- run_test.py: verify result file '/home/hamr/hamster_ws/src/hamr_control/build/hamr_bringup/test_results/hamr_bringup/closed_loop_turn_test_math.xunit.xml'
<end of output>
Test time =   1.49 sec
----------------------------------------------------------
Test Passed.
"closed_loop_turn_test_math" end time: Aug 20 13:49 EDT
"closed_loop_turn_test_math" time elapsed: 00:00:01
----------------------------------------------------------

2/2 Testing: vicon_delivery_config
2/2 Test: vicon_delivery_config
Command: "/usr/bin/python3" "-u" "/opt/ros/jazzy/share/ament_cmake_test/cmake/run_test.py" "/home/hamr/hamster_ws/src/hamr_control/build/hamr_bringup/test_results/hamr_bringup/vicon_delivery_config.xunit.xml" "--package-name" "hamr_bringup" "--output-file" "/home/hamr/hamster_ws/src/hamr_control/build/hamr_bringup/ament_cmake_pytest/vicon_delivery_config.txt" "--command" "/usr/bin/python3" "-u" "-m" "pytest" "/home/hamr/hamster_ws/src/hamr_control/hamr_bringup/test/test_vicon_delivery_config.py" "-o" "cache_dir=/home/hamr/hamster_ws/src/hamr_control/build/hamr_bringup/ament_cmake_pytest/vicon_delivery_config/.cache" "--junit-xml=/home/hamr/hamster_ws/src/hamr_control/build/hamr_bringup/test_results/hamr_bringup/vicon_delivery_config.xunit.xml" "--junit-prefix=hamr_bringup"
Directory: /home/hamr/hamster_ws/src/hamr_control/build/hamr_bringup
"vicon_delivery_config" start time: Aug 20 13:49 EDT
Output:
----------------------------------------------------------
-- run_test.py: invoking following command in '/home/hamr/hamster_ws/src/hamr_control/build/hamr_bringup':
 - /usr/bin/python3 -u -m pytest /home/hamr/hamster_ws/src/hamr_control/hamr_bringup/test/test_vicon_delivery_config.py -o cache_dir=/home/hamr/hamster_ws/src/hamr_control/build/hamr_bringup/ament_cmake_pytest/vicon_delivery_config/.cache --junit-xml=/home/hamr/hamster_ws/src/hamr_control/build/hamr_bringup/test_results/hamr_bringup/vicon_delivery_config.xunit.xml --junit-prefix=hamr_bringup
============================= test session starts ==============================
platform linux -- Python 3.12.3, pytest-7.4.4, pluggy-1.4.0
cachedir: build/hamr_bringup/ament_cmake_pytest/vicon_delivery_config/.cache
rootdir: /home/hamr/hamster_ws/src/hamr_control
plugins: ament-copyright-0.17.5, launch-testing-ros-0.26.12, launch-testing-3.4.11, ament-xmllint-0.17.5, ament-flake8-0.17.5, ament-lint-0.17.5, ament-pep257-0.17.5, colcon-core-0.20.1, cov-4.1.0
collected 4 items

../../hamr_bringup/test/test_vicon_delivery_config.py ....               [100%]

- generated xml file: /home/hamr/hamster_ws/src/hamr_control/build/hamr_bringup/test_results/hamr_bringup/vicon_delivery_config.xunit.xml -
============================== 4 passed in 0.05s ===============================
-- run_test.py: return code 0
-- run_test.py: verify result file '/home/hamr/hamster_ws/src/hamr_control/build/hamr_bringup/test_results/hamr_bringup/vicon_delivery_config.xunit.xml'
<end of output>
Test time =   0.79 sec
----------------------------------------------------------
Test Passed.
"vicon_delivery_config" end time: Aug 20 13:49 EDT
"vicon_delivery_config" time elapsed: 00:00:00
----------------------------------------------------------

End testing: Aug 20 13:49 EDT

pytest =   2.28 sec*proc

