Start testing: Aug 25 19:22 EDT
----------------------------------------------------------
1/10 Testing: closed_loop_turn_test_math
1/10 Test: closed_loop_turn_test_math
Command: "/usr/bin/python3" "-u" "/opt/ros/jazzy/share/ament_cmake_test/cmake/run_test.py" "/home/hamr/hamster_ws/src/hamr_control/build/hamr_bringup/test_results/hamr_bringup/closed_loop_turn_test_math.xunit.xml" "--package-name" "hamr_bringup" "--output-file" "/home/hamr/hamster_ws/src/hamr_control/build/hamr_bringup/ament_cmake_pytest/closed_loop_turn_test_math.txt" "--command" "/usr/bin/python3" "-u" "-m" "pytest" "/home/hamr/hamster_ws/src/hamr_control/hamr_bringup/test/test_closed_loop_turn_test.py" "-o" "cache_dir=/home/hamr/hamster_ws/src/hamr_control/build/hamr_bringup/ament_cmake_pytest/closed_loop_turn_test_math/.cache" "--junit-xml=/home/hamr/hamster_ws/src/hamr_control/build/hamr_bringup/test_results/hamr_bringup/closed_loop_turn_test_math.xunit.xml" "--junit-prefix=hamr_bringup"
Directory: /home/hamr/hamster_ws/src/hamr_control/build/hamr_bringup
"closed_loop_turn_test_math" start time: Aug 25 19:22 EDT
Output:
----------------------------------------------------------
-- run_test.py: invoking following command in '/home/hamr/hamster_ws/src/hamr_control/build/hamr_bringup':
 - /usr/bin/python3 -u -m pytest /home/hamr/hamster_ws/src/hamr_control/hamr_bringup/test/test_closed_loop_turn_test.py -o cache_dir=/home/hamr/hamster_ws/src/hamr_control/build/hamr_bringup/ament_cmake_pytest/closed_loop_turn_test_math/.cache --junit-xml=/home/hamr/hamster_ws/src/hamr_control/build/hamr_bringup/test_results/hamr_bringup/closed_loop_turn_test_math.xunit.xml --junit-prefix=hamr_bringup
============================= test session starts ==============================
platform linux -- Python 3.12.3, pytest-7.4.4, pluggy-1.4.0
cachedir: build/hamr_bringup/ament_cmake_pytest/closed_loop_turn_test_math/.cache
rootdir: /home/hamr/hamster_ws/src/hamr_control
plugins: ament-copyright-0.17.5, launch-testing-ros-0.26.12, launch-testing-3.4.11, ament-xmllint-0.17.5, ament-flake8-0.17.5, ament-lint-0.17.5, ament-pep257-0.17.5, colcon-core-0.20.1, cov-4.1.0
collected 53 items

../../hamr_bringup/test/test_closed_loop_turn_test.py .................. [ 33%]
...................................                                      [100%]

- generated xml file: /home/hamr/hamster_ws/src/hamr_control/build/hamr_bringup/test_results/hamr_bringup/closed_loop_turn_test_math.xunit.xml -
============================== 53 passed in 0.78s ==============================
-- run_test.py: return code 0
-- run_test.py: verify result file '/home/hamr/hamster_ws/src/hamr_control/build/hamr_bringup/test_results/hamr_bringup/closed_loop_turn_test_math.xunit.xml'
<end of output>
Test time =   1.58 sec
----------------------------------------------------------
Test Passed.
"closed_loop_turn_test_math" end time: Aug 25 19:22 EDT
"closed_loop_turn_test_math" time elapsed: 00:00:01
----------------------------------------------------------

2/10 Testing: vicon_delivery_config
2/10 Test: vicon_delivery_config
Command: "/usr/bin/python3" "-u" "/opt/ros/jazzy/share/ament_cmake_test/cmake/run_test.py" "/home/hamr/hamster_ws/src/hamr_control/build/hamr_bringup/test_results/hamr_bringup/vicon_delivery_config.xunit.xml" "--package-name" "hamr_bringup" "--output-file" "/home/hamr/hamster_ws/src/hamr_control/build/hamr_bringup/ament_cmake_pytest/vicon_delivery_config.txt" "--command" "/usr/bin/python3" "-u" "-m" "pytest" "/home/hamr/hamster_ws/src/hamr_control/hamr_bringup/test/test_vicon_delivery_config.py" "-o" "cache_dir=/home/hamr/hamster_ws/src/hamr_control/build/hamr_bringup/ament_cmake_pytest/vicon_delivery_config/.cache" "--junit-xml=/home/hamr/hamster_ws/src/hamr_control/build/hamr_bringup/test_results/hamr_bringup/vicon_delivery_config.xunit.xml" "--junit-prefix=hamr_bringup"
Directory: /home/hamr/hamster_ws/src/hamr_control/build/hamr_bringup
"vicon_delivery_config" start time: Aug 25 19:22 EDT
Output:
----------------------------------------------------------
-- run_test.py: invoking following command in '/home/hamr/hamster_ws/src/hamr_control/build/hamr_bringup':
 - /usr/bin/python3 -u -m pytest /home/hamr/hamster_ws/src/hamr_control/hamr_bringup/test/test_vicon_delivery_config.py -o cache_dir=/home/hamr/hamster_ws/src/hamr_control/build/hamr_bringup/ament_cmake_pytest/vicon_delivery_config/.cache --junit-xml=/home/hamr/hamster_ws/src/hamr_control/build/hamr_bringup/test_results/hamr_bringup/vicon_delivery_config.xunit.xml --junit-prefix=hamr_bringup
============================= test session starts ==============================
platform linux -- Python 3.12.3, pytest-7.4.4, pluggy-1.4.0
cachedir: build/hamr_bringup/ament_cmake_pytest/vicon_delivery_config/.cache
rootdir: /home/hamr/hamster_ws/src/hamr_control
plugins: ament-copyright-0.17.5, launch-testing-ros-0.26.12, launch-testing-3.4.11, ament-xmllint-0.17.5, ament-flake8-0.17.5, ament-lint-0.17.5, ament-pep257-0.17.5, colcon-core-0.20.1, cov-4.1.0
collected 8 items

../../hamr_bringup/test/test_vicon_delivery_config.py ........           [100%]

- generated xml file: /home/hamr/hamster_ws/src/hamr_control/build/hamr_bringup/test_results/hamr_bringup/vicon_delivery_config.xunit.xml -
============================== 8 passed in 0.06s ===============================
-- run_test.py: return code 0
-- run_test.py: verify result file '/home/hamr/hamster_ws/src/hamr_control/build/hamr_bringup/test_results/hamr_bringup/vicon_delivery_config.xunit.xml'
<end of output>
Test time =   0.76 sec
----------------------------------------------------------
Test Passed.
"vicon_delivery_config" end time: Aug 25 19:22 EDT
"vicon_delivery_config" time elapsed: 00:00:00
----------------------------------------------------------

3/10 Testing: wheel_response_test_safety
3/10 Test: wheel_response_test_safety
Command: "/usr/bin/python3" "-u" "/opt/ros/jazzy/share/ament_cmake_test/cmake/run_test.py" "/home/hamr/hamster_ws/src/hamr_control/build/hamr_bringup/test_results/hamr_bringup/wheel_response_test_safety.xunit.xml" "--package-name" "hamr_bringup" "--output-file" "/home/hamr/hamster_ws/src/hamr_control/build/hamr_bringup/ament_cmake_pytest/wheel_response_test_safety.txt" "--command" "/usr/bin/python3" "-u" "-m" "pytest" "/home/hamr/hamster_ws/src/hamr_control/hamr_bringup/test/test_wheel_response_test.py" "-o" "cache_dir=/home/hamr/hamster_ws/src/hamr_control/build/hamr_bringup/ament_cmake_pytest/wheel_response_test_safety/.cache" "--junit-xml=/home/hamr/hamster_ws/src/hamr_control/build/hamr_bringup/test_results/hamr_bringup/wheel_response_test_safety.xunit.xml" "--junit-prefix=hamr_bringup"
Directory: /home/hamr/hamster_ws/src/hamr_control/build/hamr_bringup
"wheel_response_test_safety" start time: Aug 25 19:22 EDT
Output:
----------------------------------------------------------
-- run_test.py: invoking following command in '/home/hamr/hamster_ws/src/hamr_control/build/hamr_bringup':
 - /usr/bin/python3 -u -m pytest /home/hamr/hamster_ws/src/hamr_control/hamr_bringup/test/test_wheel_response_test.py -o cache_dir=/home/hamr/hamster_ws/src/hamr_control/build/hamr_bringup/ament_cmake_pytest/wheel_response_test_safety/.cache --junit-xml=/home/hamr/hamster_ws/src/hamr_control/build/hamr_bringup/test_results/hamr_bringup/wheel_response_test_safety.xunit.xml --junit-prefix=hamr_bringup
============================= test session starts ==============================
platform linux -- Python 3.12.3, pytest-7.4.4, pluggy-1.4.0
cachedir: build/hamr_bringup/ament_cmake_pytest/wheel_response_test_safety/.cache
rootdir: /home/hamr/hamster_ws/src/hamr_control
plugins: ament-copyright-0.17.5, launch-testing-ros-0.26.12, launch-testing-3.4.11, ament-xmllint-0.17.5, ament-flake8-0.17.5, ament-lint-0.17.5, ament-pep257-0.17.5, colcon-core-0.20.1, cov-4.1.0
collected 38 items

../../hamr_bringup/test/test_wheel_response_test.py .................... [ 52%]
..................                                                       [100%]

- generated xml file: /home/hamr/hamster_ws/src/hamr_control/build/hamr_bringup/test_results/hamr_bringup/wheel_response_test_safety.xunit.xml -
============================== 38 passed in 0.58s ==============================
-- run_test.py: return code 0
-- run_test.py: verify result file '/home/hamr/hamster_ws/src/hamr_control/build/hamr_bringup/test_results/hamr_bringup/wheel_response_test_safety.xunit.xml'
<end of output>
Test time =   1.35 sec
----------------------------------------------------------
Test Passed.
"wheel_response_test_safety" end time: Aug 25 19:22 EDT
"wheel_response_test_safety" time elapsed: 00:00:01
----------------------------------------------------------

4/10 Testing: run_waypoint_test_wrapper
4/10 Test: run_waypoint_test_wrapper
Command: "/usr/bin/python3" "-u" "/opt/ros/jazzy/share/ament_cmake_test/cmake/run_test.py" "/home/hamr/hamster_ws/src/hamr_control/build/hamr_bringup/test_results/hamr_bringup/run_waypoint_test_wrapper.xunit.xml" "--package-name" "hamr_bringup" "--output-file" "/home/hamr/hamster_ws/src/hamr_control/build/hamr_bringup/ament_cmake_pytest/run_waypoint_test_wrapper.txt" "--command" "/usr/bin/python3" "-u" "-m" "pytest" "/home/hamr/hamster_ws/src/hamr_control/hamr_bringup/test/test_run_waypoint_test.py" "-o" "cache_dir=/home/hamr/hamster_ws/src/hamr_control/build/hamr_bringup/ament_cmake_pytest/run_waypoint_test_wrapper/.cache" "--junit-xml=/home/hamr/hamster_ws/src/hamr_control/build/hamr_bringup/test_results/hamr_bringup/run_waypoint_test_wrapper.xunit.xml" "--junit-prefix=hamr_bringup"
Directory: /home/hamr/hamster_ws/src/hamr_control/build/hamr_bringup
"run_waypoint_test_wrapper" start time: Aug 25 19:22 EDT
Output:
----------------------------------------------------------
-- run_test.py: invoking following command in '/home/hamr/hamster_ws/src/hamr_control/build/hamr_bringup':
 - /usr/bin/python3 -u -m pytest /home/hamr/hamster_ws/src/hamr_control/hamr_bringup/test/test_run_waypoint_test.py -o cache_dir=/home/hamr/hamster_ws/src/hamr_control/build/hamr_bringup/ament_cmake_pytest/run_waypoint_test_wrapper/.cache --junit-xml=/home/hamr/hamster_ws/src/hamr_control/build/hamr_bringup/test_results/hamr_bringup/run_waypoint_test_wrapper.xunit.xml --junit-prefix=hamr_bringup
============================= test session starts ==============================
platform linux -- Python 3.12.3, pytest-7.4.4, pluggy-1.4.0
cachedir: build/hamr_bringup/ament_cmake_pytest/run_waypoint_test_wrapper/.cache
rootdir: /home/hamr/hamster_ws/src/hamr_control
plugins: ament-copyright-0.17.5, launch-testing-ros-0.26.12, launch-testing-3.4.11, ament-xmllint-0.17.5, ament-flake8-0.17.5, ament-lint-0.17.5, ament-pep257-0.17.5, colcon-core-0.20.1, cov-4.1.0
collected 9 items

../../hamr_bringup/test/test_run_waypoint_test.py .........              [100%]

- generated xml file: /home/hamr/hamster_ws/src/hamr_control/build/hamr_bringup/test_results/hamr_bringup/run_waypoint_test_wrapper.xunit.xml -
============================== 9 passed in 0.17s ===============================
-- run_test.py: return code 0
-- run_test.py: verify result file '/home/hamr/hamster_ws/src/hamr_control/build/hamr_bringup/test_results/hamr_bringup/run_waypoint_test_wrapper.xunit.xml'
<end of output>
Test time =   0.91 sec
----------------------------------------------------------
Test Passed.
"run_waypoint_test_wrapper" end time: Aug 25 19:22 EDT
"run_waypoint_test_wrapper" time elapsed: 00:00:00
----------------------------------------------------------

5/10 Testing: split_waypoint_commands
5/10 Test: split_waypoint_commands
Command: "/usr/bin/python3" "-u" "/opt/ros/jazzy/share/ament_cmake_test/cmake/run_test.py" "/home/hamr/hamster_ws/src/hamr_control/build/hamr_bringup/test_results/hamr_bringup/split_waypoint_commands.xunit.xml" "--package-name" "hamr_bringup" "--output-file" "/home/hamr/hamster_ws/src/hamr_control/build/hamr_bringup/ament_cmake_pytest/split_waypoint_commands.txt" "--command" "/usr/bin/python3" "-u" "-m" "pytest" "/home/hamr/hamster_ws/src/hamr_control/hamr_bringup/test/test_split_waypoint_commands.py" "-o" "cache_dir=/home/hamr/hamster_ws/src/hamr_control/build/hamr_bringup/ament_cmake_pytest/split_waypoint_commands/.cache" "--junit-xml=/home/hamr/hamster_ws/src/hamr_control/build/hamr_bringup/test_results/hamr_bringup/split_waypoint_commands.xunit.xml" "--junit-prefix=hamr_bringup"
Directory: /home/hamr/hamster_ws/src/hamr_control/build/hamr_bringup
"split_waypoint_commands" start time: Aug 25 19:22 EDT
Output:
----------------------------------------------------------
-- run_test.py: invoking following command in '/home/hamr/hamster_ws/src/hamr_control/build/hamr_bringup':
 - /usr/bin/python3 -u -m pytest /home/hamr/hamster_ws/src/hamr_control/hamr_bringup/test/test_split_waypoint_commands.py -o cache_dir=/home/hamr/hamster_ws/src/hamr_control/build/hamr_bringup/ament_cmake_pytest/split_waypoint_commands/.cache --junit-xml=/home/hamr/hamster_ws/src/hamr_control/build/hamr_bringup/test_results/hamr_bringup/split_waypoint_commands.xunit.xml --junit-prefix=hamr_bringup
============================= test session starts ==============================
platform linux -- Python 3.12.3, pytest-7.4.4, pluggy-1.4.0
cachedir: build/hamr_bringup/ament_cmake_pytest/split_waypoint_commands/.cache
rootdir: /home/hamr/hamster_ws/src/hamr_control
plugins: ament-copyright-0.17.5, launch-testing-ros-0.26.12, launch-testing-3.4.11, ament-xmllint-0.17.5, ament-flake8-0.17.5, ament-lint-0.17.5, ament-pep257-0.17.5, colcon-core-0.20.1, cov-4.1.0
collected 10 items

../../hamr_bringup/test/test_split_waypoint_commands.py ..........       [100%]

- generated xml file: /home/hamr/hamster_ws/src/hamr_control/build/hamr_bringup/test_results/hamr_bringup/split_waypoint_commands.xunit.xml -
============================== 10 passed in 0.12s ==============================
-- run_test.py: return code 0
-- run_test.py: verify result file '/home/hamr/hamster_ws/src/hamr_control/build/hamr_bringup/test_results/hamr_bringup/split_waypoint_commands.xunit.xml'
<end of output>
Test time =   0.84 sec
----------------------------------------------------------
Test Passed.
"split_waypoint_commands" end time: Aug 25 19:22 EDT
"split_waypoint_commands" time elapsed: 00:00:00
----------------------------------------------------------

6/10 Testing: analyze_waypoint_test_wrapper
6/10 Test: analyze_waypoint_test_wrapper
Command: "/usr/bin/python3" "-u" "/opt/ros/jazzy/share/ament_cmake_test/cmake/run_test.py" "/home/hamr/hamster_ws/src/hamr_control/build/hamr_bringup/test_results/hamr_bringup/analyze_waypoint_test_wrapper.xunit.xml" "--package-name" "hamr_bringup" "--output-file" "/home/hamr/hamster_ws/src/hamr_control/build/hamr_bringup/ament_cmake_pytest/analyze_waypoint_test_wrapper.txt" "--command" "/usr/bin/python3" "-u" "-m" "pytest" "/home/hamr/hamster_ws/src/hamr_control/hamr_bringup/test/test_analyze_waypoint_test.py" "-o" "cache_dir=/home/hamr/hamster_ws/src/hamr_control/build/hamr_bringup/ament_cmake_pytest/analyze_waypoint_test_wrapper/.cache" "--junit-xml=/home/hamr/hamster_ws/src/hamr_control/build/hamr_bringup/test_results/hamr_bringup/analyze_waypoint_test_wrapper.xunit.xml" "--junit-prefix=hamr_bringup"
Directory: /home/hamr/hamster_ws/src/hamr_control/build/hamr_bringup
"analyze_waypoint_test_wrapper" start time: Aug 25 19:22 EDT
Output:
----------------------------------------------------------
-- run_test.py: invoking following command in '/home/hamr/hamster_ws/src/hamr_control/build/hamr_bringup':
 - /usr/bin/python3 -u -m pytest /home/hamr/hamster_ws/src/hamr_control/hamr_bringup/test/test_analyze_waypoint_test.py -o cache_dir=/home/hamr/hamster_ws/src/hamr_control/build/hamr_bringup/ament_cmake_pytest/analyze_waypoint_test_wrapper/.cache --junit-xml=/home/hamr/hamster_ws/src/hamr_control/build/hamr_bringup/test_results/hamr_bringup/analyze_waypoint_test_wrapper.xunit.xml --junit-prefix=hamr_bringup
============================= test session starts ==============================
platform linux -- Python 3.12.3, pytest-7.4.4, pluggy-1.4.0
cachedir: build/hamr_bringup/ament_cmake_pytest/analyze_waypoint_test_wrapper/.cache
rootdir: /home/hamr/hamster_ws/src/hamr_control
plugins: ament-copyright-0.17.5, launch-testing-ros-0.26.12, launch-testing-3.4.11, ament-xmllint-0.17.5, ament-flake8-0.17.5, ament-lint-0.17.5, ament-pep257-0.17.5, colcon-core-0.20.1, cov-4.1.0
collected 6 items

../../hamr_bringup/test/test_analyze_waypoint_test.py ......             [100%]

- generated xml file: /home/hamr/hamster_ws/src/hamr_control/build/hamr_bringup/test_results/hamr_bringup/analyze_waypoint_test_wrapper.xunit.xml -
============================== 6 passed in 0.06s ===============================
-- run_test.py: return code 0
-- run_test.py: verify result file '/home/hamr/hamster_ws/src/hamr_control/build/hamr_bringup/test_results/hamr_bringup/analyze_waypoint_test_wrapper.xunit.xml'
<end of output>
Test time =   0.79 sec
----------------------------------------------------------
Test Passed.
"analyze_waypoint_test_wrapper" end time: Aug 25 19:22 EDT
"analyze_waypoint_test_wrapper" time elapsed: 00:00:00
----------------------------------------------------------

7/10 Testing: study_commands
7/10 Test: study_commands
Command: "/usr/bin/python3" "-u" "/opt/ros/jazzy/share/ament_cmake_test/cmake/run_test.py" "/home/hamr/hamster_ws/src/hamr_control/build/hamr_bringup/test_results/hamr_bringup/study_commands.xunit.xml" "--package-name" "hamr_bringup" "--output-file" "/home/hamr/hamster_ws/src/hamr_control/build/hamr_bringup/ament_cmake_pytest/study_commands.txt" "--command" "/usr/bin/python3" "-u" "-m" "pytest" "/home/hamr/hamster_ws/src/hamr_control/hamr_bringup/test/test_study_commands.py" "-o" "cache_dir=/home/hamr/hamster_ws/src/hamr_control/build/hamr_bringup/ament_cmake_pytest/study_commands/.cache" "--junit-xml=/home/hamr/hamster_ws/src/hamr_control/build/hamr_bringup/test_results/hamr_bringup/study_commands.xunit.xml" "--junit-prefix=hamr_bringup"
Directory: /home/hamr/hamster_ws/src/hamr_control/build/hamr_bringup
"study_commands" start time: Aug 25 19:22 EDT
Output:
----------------------------------------------------------
-- run_test.py: invoking following command in '/home/hamr/hamster_ws/src/hamr_control/build/hamr_bringup':
 - /usr/bin/python3 -u -m pytest /home/hamr/hamster_ws/src/hamr_control/hamr_bringup/test/test_study_commands.py -o cache_dir=/home/hamr/hamster_ws/src/hamr_control/build/hamr_bringup/ament_cmake_pytest/study_commands/.cache --junit-xml=/home/hamr/hamster_ws/src/hamr_control/build/hamr_bringup/test_results/hamr_bringup/study_commands.xunit.xml --junit-prefix=hamr_bringup
============================= test session starts ==============================
platform linux -- Python 3.12.3, pytest-7.4.4, pluggy-1.4.0
cachedir: build/hamr_bringup/ament_cmake_pytest/study_commands/.cache
rootdir: /home/hamr/hamster_ws/src/hamr_control
plugins: ament-copyright-0.17.5, launch-testing-ros-0.26.12, launch-testing-3.4.11, ament-xmllint-0.17.5, ament-flake8-0.17.5, ament-lint-0.17.5, ament-pep257-0.17.5, colcon-core-0.20.1, cov-4.1.0
collected 33 items

../../hamr_bringup/test/test_study_commands.py ......................... [ 75%]
........                                                                 [100%]

- generated xml file: /home/hamr/hamster_ws/src/hamr_control/build/hamr_bringup/test_results/hamr_bringup/study_commands.xunit.xml -
============================== 33 passed in 4.02s ==============================
-- run_test.py: return code 0
-- run_test.py: verify result file '/home/hamr/hamster_ws/src/hamr_control/build/hamr_bringup/test_results/hamr_bringup/study_commands.xunit.xml'
<end of output>
Test time =   4.76 sec
----------------------------------------------------------
Test Passed.
"study_commands" end time: Aug 25 19:22 EDT
"study_commands" time elapsed: 00:00:04
----------------------------------------------------------

8/10 Testing: study_analyzer
8/10 Test: study_analyzer
Command: "/usr/bin/python3" "-u" "/opt/ros/jazzy/share/ament_cmake_test/cmake/run_test.py" "/home/hamr/hamster_ws/src/hamr_control/build/hamr_bringup/test_results/hamr_bringup/study_analyzer.xunit.xml" "--package-name" "hamr_bringup" "--output-file" "/home/hamr/hamster_ws/src/hamr_control/build/hamr_bringup/ament_cmake_pytest/study_analyzer.txt" "--command" "/usr/bin/python3" "-u" "-m" "pytest" "/home/hamr/hamster_ws/src/hamr_control/hamr_bringup/test/test_analyze_study_test.py" "-o" "cache_dir=/home/hamr/hamster_ws/src/hamr_control/build/hamr_bringup/ament_cmake_pytest/study_analyzer/.cache" "--junit-xml=/home/hamr/hamster_ws/src/hamr_control/build/hamr_bringup/test_results/hamr_bringup/study_analyzer.xunit.xml" "--junit-prefix=hamr_bringup"
Directory: /home/hamr/hamster_ws/src/hamr_control/build/hamr_bringup
"study_analyzer" start time: Aug 25 19:22 EDT
Output:
----------------------------------------------------------
-- run_test.py: invoking following command in '/home/hamr/hamster_ws/src/hamr_control/build/hamr_bringup':
 - /usr/bin/python3 -u -m pytest /home/hamr/hamster_ws/src/hamr_control/hamr_bringup/test/test_analyze_study_test.py -o cache_dir=/home/hamr/hamster_ws/src/hamr_control/build/hamr_bringup/ament_cmake_pytest/study_analyzer/.cache --junit-xml=/home/hamr/hamster_ws/src/hamr_control/build/hamr_bringup/test_results/hamr_bringup/study_analyzer.xunit.xml --junit-prefix=hamr_bringup
============================= test session starts ==============================
platform linux -- Python 3.12.3, pytest-7.4.4, pluggy-1.4.0
cachedir: build/hamr_bringup/ament_cmake_pytest/study_analyzer/.cache
rootdir: /home/hamr/hamster_ws/src/hamr_control
plugins: ament-copyright-0.17.5, launch-testing-ros-0.26.12, launch-testing-3.4.11, ament-xmllint-0.17.5, ament-flake8-0.17.5, ament-lint-0.17.5, ament-pep257-0.17.5, colcon-core-0.20.1, cov-4.1.0
collected 66 items

../../hamr_bringup/test/test_analyze_study_test.py ..................... [ 31%]
.............................................                            [100%]

- generated xml file: /home/hamr/hamster_ws/src/hamr_control/build/hamr_bringup/test_results/hamr_bringup/study_analyzer.xunit.xml -
============================== 66 passed in 0.30s ==============================
-- run_test.py: return code 0
-- run_test.py: verify result file '/home/hamr/hamster_ws/src/hamr_control/build/hamr_bringup/test_results/hamr_bringup/study_analyzer.xunit.xml'
<end of output>
Test time =   1.04 sec
----------------------------------------------------------
Test Passed.
"study_analyzer" end time: Aug 25 19:22 EDT
"study_analyzer" time elapsed: 00:00:01
----------------------------------------------------------

9/10 Testing: study_plan_generator
9/10 Test: study_plan_generator
Command: "/usr/bin/python3" "-u" "/opt/ros/jazzy/share/ament_cmake_test/cmake/run_test.py" "/home/hamr/hamster_ws/src/hamr_control/build/hamr_bringup/test_results/hamr_bringup/study_plan_generator.xunit.xml" "--package-name" "hamr_bringup" "--output-file" "/home/hamr/hamster_ws/src/hamr_control/build/hamr_bringup/ament_cmake_pytest/study_plan_generator.txt" "--command" "/usr/bin/python3" "-u" "-m" "pytest" "/home/hamr/hamster_ws/src/hamr_control/hamr_bringup/test/test_create_study_plan.py" "-o" "cache_dir=/home/hamr/hamster_ws/src/hamr_control/build/hamr_bringup/ament_cmake_pytest/study_plan_generator/.cache" "--junit-xml=/home/hamr/hamster_ws/src/hamr_control/build/hamr_bringup/test_results/hamr_bringup/study_plan_generator.xunit.xml" "--junit-prefix=hamr_bringup"
Directory: /home/hamr/hamster_ws/src/hamr_control/build/hamr_bringup
"study_plan_generator" start time: Aug 25 19:22 EDT
Output:
----------------------------------------------------------
-- run_test.py: invoking following command in '/home/hamr/hamster_ws/src/hamr_control/build/hamr_bringup':
 - /usr/bin/python3 -u -m pytest /home/hamr/hamster_ws/src/hamr_control/hamr_bringup/test/test_create_study_plan.py -o cache_dir=/home/hamr/hamster_ws/src/hamr_control/build/hamr_bringup/ament_cmake_pytest/study_plan_generator/.cache --junit-xml=/home/hamr/hamster_ws/src/hamr_control/build/hamr_bringup/test_results/hamr_bringup/study_plan_generator.xunit.xml --junit-prefix=hamr_bringup
============================= test session starts ==============================
platform linux -- Python 3.12.3, pytest-7.4.4, pluggy-1.4.0
cachedir: build/hamr_bringup/ament_cmake_pytest/study_plan_generator/.cache
rootdir: /home/hamr/hamster_ws/src/hamr_control
plugins: ament-copyright-0.17.5, launch-testing-ros-0.26.12, launch-testing-3.4.11, ament-xmllint-0.17.5, ament-flake8-0.17.5, ament-lint-0.17.5, ament-pep257-0.17.5, colcon-core-0.20.1, cov-4.1.0
collected 10 items

../../hamr_bringup/test/test_create_study_plan.py ..........             [100%]

- generated xml file: /home/hamr/hamster_ws/src/hamr_control/build/hamr_bringup/test_results/hamr_bringup/study_plan_generator.xunit.xml -
============================== 10 passed in 2.00s ==============================
-- run_test.py: return code 0
-- run_test.py: verify result file '/home/hamr/hamster_ws/src/hamr_control/build/hamr_bringup/test_results/hamr_bringup/study_plan_generator.xunit.xml'
<end of output>
Test time =   2.71 sec
----------------------------------------------------------
Test Passed.
"study_plan_generator" end time: Aug 25 19:22 EDT
"study_plan_generator" time elapsed: 00:00:02
----------------------------------------------------------

10/10 Testing: actuator_plot_contract
10/10 Test: actuator_plot_contract
Command: "/usr/bin/python3" "-u" "/opt/ros/jazzy/share/ament_cmake_test/cmake/run_test.py" "/home/hamr/hamster_ws/src/hamr_control/build/hamr_bringup/test_results/hamr_bringup/actuator_plot_contract.xunit.xml" "--package-name" "hamr_bringup" "--output-file" "/home/hamr/hamster_ws/src/hamr_control/build/hamr_bringup/ament_cmake_pytest/actuator_plot_contract.txt" "--command" "/usr/bin/python3" "-u" "-m" "pytest" "/home/hamr/hamster_ws/src/hamr_control/hamr_bringup/test/test_plot_hamr_actuators.py" "-o" "cache_dir=/home/hamr/hamster_ws/src/hamr_control/build/hamr_bringup/ament_cmake_pytest/actuator_plot_contract/.cache" "--junit-xml=/home/hamr/hamster_ws/src/hamr_control/build/hamr_bringup/test_results/hamr_bringup/actuator_plot_contract.xunit.xml" "--junit-prefix=hamr_bringup"
Directory: /home/hamr/hamster_ws/src/hamr_control/build/hamr_bringup
"actuator_plot_contract" start time: Aug 25 19:22 EDT
Output:
----------------------------------------------------------
-- run_test.py: invoking following command in '/home/hamr/hamster_ws/src/hamr_control/build/hamr_bringup':
 - /usr/bin/python3 -u -m pytest /home/hamr/hamster_ws/src/hamr_control/hamr_bringup/test/test_plot_hamr_actuators.py -o cache_dir=/home/hamr/hamster_ws/src/hamr_control/build/hamr_bringup/ament_cmake_pytest/actuator_plot_contract/.cache --junit-xml=/home/hamr/hamster_ws/src/hamr_control/build/hamr_bringup/test_results/hamr_bringup/actuator_plot_contract.xunit.xml --junit-prefix=hamr_bringup
============================= test session starts ==============================
platform linux -- Python 3.12.3, pytest-7.4.4, pluggy-1.4.0
cachedir: build/hamr_bringup/ament_cmake_pytest/actuator_plot_contract/.cache
rootdir: /home/hamr/hamster_ws/src/hamr_control
plugins: ament-copyright-0.17.5, launch-testing-ros-0.26.12, launch-testing-3.4.11, ament-xmllint-0.17.5, ament-flake8-0.17.5, ament-lint-0.17.5, ament-pep257-0.17.5, colcon-core-0.20.1, cov-4.1.0
collected 24 items

../../hamr_bringup/test/test_plot_hamr_actuators.py .................... [ 83%]
....                                                                     [100%]

- generated xml file: /home/hamr/hamster_ws/src/hamr_control/build/hamr_bringup/test_results/hamr_bringup/actuator_plot_contract.xunit.xml -
============================== 24 passed in 2.91s ==============================
-- run_test.py: return code 0
-- run_test.py: verify result file '/home/hamr/hamster_ws/src/hamr_control/build/hamr_bringup/test_results/hamr_bringup/actuator_plot_contract.xunit.xml'
<end of output>
Test time =   3.91 sec
----------------------------------------------------------
Test Passed.
"actuator_plot_contract" end time: Aug 25 19:22 EDT
"actuator_plot_contract" time elapsed: 00:00:03
----------------------------------------------------------

End testing: Aug 25 19:22 EDT

pytest =  18.65 sec*proc

