<?xml version="1.0" encoding="utf-8"?><testsuites><testsuite name="pytest" errors="0" failures="0" skipped="0" tests="32" time="0.520" timestamp="2026-08-18T20:54:19.612313" hostname="hamr-desktop"><testcase classname="hamr_control.test.test_controller_safety" name="test_timestamp_freshness_requires_a_sample_and_rejects_clock_rewind" time="0.001" /><testcase classname="hamr_control.test.test_controller_safety" name="test_timestamp_freshness_boundary_and_disabled_timeout" time="0.001" /><testcase classname="hamr_control.test.test_controller_safety" name="test_disabled_turret_needs_no_feedback" time="0.000" /><testcase classname="hamr_control.test.test_controller_safety" name="test_enabled_turret_requires_feedback_for_the_active_mode" time="0.000" /><testcase classname="hamr_control.test.test_controller_safety" name="test_disabled_turret_command_is_hard_zero_without_changing_wheels" time="0.001" /><testcase classname="hamr_control.test.test_controller_safety" name="test_turret_command_policy_rejects_malformed_joint_vectors" time="0.000" /><testcase classname="hamr_control.test.test_controller_safety" name="test_shutdown_is_idempotent_and_repeats_zero_command" time="0.000" /><testcase classname="hamr_control.test.test_vicon_pose_guard" name="test_source_timestamp_accepts_age_and_future_skew_boundaries" time="0.000" /><testcase classname="hamr_control.test.test_vicon_pose_guard" name="test_source_timestamp_rejects_stale_future_and_zero_stamps" time="0.000" /><testcase classname="hamr_control.test.test_vicon_pose_guard" name="test_normal_physical_translation_and_turning_are_accepted" time="0.001" /><testcase classname="hamr_control.test.test_vicon_pose_guard" name="test_quaternion_sign_flip_is_the_same_orientation" time="0.000" /><testcase classname="hamr_control.test.test_vicon_pose_guard" name="test_three_dimensional_position_jump_latches_including_vertical_motion" time="0.000" /><testcase classname="hamr_control.test.test_vicon_pose_guard" name="test_first_bag_marker_flip_sequence_is_rejected_against_clean_baseline" time="0.000" /><testcase classname="hamr_control.test.test_vicon_pose_guard" name="test_second_bag_roll_flip_sequence_is_rejected_despite_sane_position" time="0.000" /><testcase classname="hamr_control.test.test_vicon_pose_guard" name="test_recovery_requires_consecutive_samples_close_to_last_accepted_pose" time="0.001" /><testcase classname="hamr_control.test.test_vicon_pose_guard" name="test_invalid_first_sample_requires_full_stable_validation_run" time="0.001" /><testcase classname="hamr_control.test.test_vicon_pose_guard" name="test_recovery_samples_must_also_be_stable_relative_to_each_other" time="0.000" /><testcase classname="hamr_control.test.test_vicon_pose_guard" name="test_odom_callback_stops_immediately_without_accepting_or_refreshing_outlier" time="0.001" /><testcase classname="hamr_control.test.test_vicon_pose_guard" name="test_stale_odom_callback_stops_without_refreshing_pose_or_receipt_time" time="0.001" /><testcase classname="hamr_control.test.test_vicon_pose_guard" name="test_future_and_zero_header_callbacks_latch_before_pose_validation" time="0.001" /><testcase classname="hamr_control.test.test_vicon_pose_guard" name="test_timestamp_fault_recovery_requires_ten_stable_fresh_samples" time="0.001" /><testcase classname="hamr_control.test.test_vicon_pose_guard" name="test_manual_mode_cannot_command_motion_while_vicon_guard_is_latched" time="0.000" /><testcase classname="hamr_control.test.test_vicon_pose_guard" name="test_manual_watchdog_zeros_a_held_command_when_vicon_goes_silent" time="0.000" /><testcase classname="hamr_control.test.test_vicon_pose_guard" name="test_auto_mode_cannot_run_pid_while_vicon_guard_is_latched" time="0.000" /><testcase classname="hamr_control.test.test_vicon_pose_guard" name="test_enabling_guard_invalidates_unchecked_odom_and_starts_validation" time="0.000" /><testcase classname="hamr_control.test.test_wheel_pair_scaling" name="test_commands_inside_limit_are_unchanged" time="0.000" /><testcase classname="hamr_control.test.test_wheel_pair_scaling" name="test_overspeed_pair_uses_one_common_scale" time="0.000" /><testcase classname="hamr_control.test.test_wheel_pair_scaling" name="test_mirrored_turns_are_limited_symmetrically" time="0.000" /><testcase classname="hamr_control.test.test_wheel_pair_scaling" name="test_random_pairs_preserve_ratio_and_bound" time="0.002" /><testcase classname="hamr_control.test.test_wheel_pair_scaling" name="test_reference_timeout_requires_a_received_reference" time="0.000" /><testcase classname="hamr_control.test.test_wheel_pair_scaling" name="test_reference_timeout_boundary_and_expiry" time="0.000" /><testcase classname="hamr_control.test.test_wheel_pair_scaling" name="test_nonpositive_reference_timeout_disables_expiry" time="0.000" /></testsuite></testsuites>