<?xml version="1.0" encoding="utf-8"?><testsuites><testsuite name="pytest" errors="0" failures="0" skipped="0" tests="24" time="2.918" timestamp="2026-08-25T19:22:26.063106" hostname="hamr-desktop"><testcase classname="hamr_bringup.hamr_bringup.test.test_plot_hamr_actuators" name="test_exact_wheel_status_v1_layout_and_source_decode" time="0.001" /><testcase classname="hamr_bringup.hamr_bringup.test.test_plot_hamr_actuators" name="test_wheel_status_layout_mismatch_fails_before_field_labels[message0-exactly one dimension]" time="0.001" /><testcase classname="hamr_bringup.hamr_bringup.test.test_plot_hamr_actuators" name="test_wheel_status_layout_mismatch_fails_before_field_labels[message1-exactly one dimension]" time="0.001" /><testcase classname="hamr_bringup.hamr_bringup.test.test_plot_hamr_actuators" name="test_wheel_status_layout_mismatch_fails_before_field_labels[message2-not wheel_control_status_v1]" time="0.001" /><testcase classname="hamr_bringup.hamr_bringup.test.test_plot_hamr_actuators" name="test_wheel_status_layout_mismatch_fails_before_field_labels[message3-size=17, stride=17, data_offset=0]" time="0.001" /><testcase classname="hamr_bringup.hamr_bringup.test.test_plot_hamr_actuators" name="test_wheel_status_layout_mismatch_fails_before_field_labels[message4-size=17, stride=17, data_offset=0]" time="0.000" /><testcase classname="hamr_bringup.hamr_bringup.test.test_plot_hamr_actuators" name="test_wheel_status_layout_mismatch_fails_before_field_labels[message5-size=17, stride=17, data_offset=0]" time="0.000" /><testcase classname="hamr_bringup.hamr_bringup.test.test_plot_hamr_actuators" name="test_wheel_status_layout_mismatch_fails_before_field_labels[message6-data length is not 17]" time="0.001" /><testcase classname="hamr_bringup.hamr_bringup.test.test_plot_hamr_actuators" name="test_wheel_status_source_must_be_finite_integer_enum[nan]" time="0.001" /><testcase classname="hamr_bringup.hamr_bringup.test.test_plot_hamr_actuators" name="test_wheel_status_source_must_be_finite_integer_enum[1.5]" time="0.001" /><testcase classname="hamr_bringup.hamr_bringup.test.test_plot_hamr_actuators" name="test_wheel_status_source_must_be_finite_integer_enum[-1.0]" time="0.000" /><testcase classname="hamr_bringup.hamr_bringup.test.test_plot_hamr_actuators" name="test_wheel_status_source_must_be_finite_integer_enum[8.0]" time="0.000" /><testcase classname="hamr_bringup.hamr_bringup.test.test_plot_hamr_actuators" name="test_wheel_status_actuator_fields_must_be_finite" time="0.001" /><testcase classname="hamr_bringup.hamr_bringup.test.test_plot_hamr_actuators" name="test_forward_reverse_cap_denominator_includes_planned_zero_dwell" time="0.002" /><testcase classname="hamr_bringup.hamr_bringup.test.test_plot_hamr_actuators" name="test_one_phase_cap_denominator_uses_only_active_reference_samples" time="0.002" /><testcase classname="hamr_bringup.hamr_bringup.test.test_plot_hamr_actuators" name="test_sparse_command_support_marks_cap_exposure_unavailable" time="0.003" /><testcase classname="hamr_bringup.hamr_bringup.test.test_plot_hamr_actuators" name="test_exact_50ms_match_and_100ms_gap_boundaries_are_valid" time="0.001" /><testcase classname="hamr_bringup.hamr_bringup.test.test_plot_hamr_actuators" name="test_forward_reverse_dwell_dropouts_invalidate_command_and_status_exposure" time="0.002" /><testcase classname="hamr_bringup.hamr_bringup.test.test_plot_hamr_actuators" name="test_nonreversal_disjoint_phases_do_not_require_dwell_support" time="0.002" /><testcase classname="hamr_bringup.hamr_bringup.test.test_plot_hamr_actuators" name="test_sparse_status_support_suppresses_all_status_exposure_summaries" time="0.001" /><testcase classname="hamr_bringup.hamr_bringup.test.test_plot_hamr_actuators" name="test_supported_status_can_report_zero_exposure_on_reference_clock" time="0.001" /><testcase classname="hamr_bringup.hamr_bringup.test.test_plot_hamr_actuators" name="test_status_source_validation_uses_supported_active_samples_only" time="0.001" /><testcase classname="hamr_bringup.hamr_bringup.test.test_plot_hamr_actuators" name="test_sparse_actuator_traces_still_render_with_unavailable_labels" time="2.161" /><testcase classname="hamr_bringup.hamr_bringup.test.test_plot_hamr_actuators" name="test_command_pair_alignment_matches_analyzer_sampling_policy" time="0.001" /></testsuite></testsuites>