<?xml version="1.0" encoding="utf-8"?><testsuites><testsuite name="pytest" errors="0" failures="0" skipped="0" tests="6" time="0.061" timestamp="2026-08-25T19:22:16.758547" hostname="hamr-desktop"><testcase classname="hamr_bringup.hamr_bringup.test.test_analyze_waypoint_test" name="test_default_pattern_accepts_all_auto_labeled_waypoint_speeds" time="0.001" /><testcase classname="hamr_bringup.hamr_bringup.test.test_analyze_waypoint_test" name="test_latest_closed_bag_is_selected_even_when_run_is_partial" time="0.009" /><testcase classname="hamr_bringup.hamr_bringup.test.test_analyze_waypoint_test" name="test_metadata_preflight_accepts_partial_but_rejects_missing_data" time="0.010" /><testcase classname="hamr_bringup.hamr_bringup.test.test_analyze_waypoint_test" name="test_analysis_commands_write_expected_artifacts_under_bag" time="0.001" /><testcase classname="hamr_bringup.hamr_bringup.test.test_analyze_waypoint_test" name="test_reference_completion_requires_full_span_zero_tail_and_endpoint" time="0.000" /><testcase classname="hamr_bringup.hamr_bringup.test.test_analyze_waypoint_test" name="test_explicit_partial_bag_runs_only_offline_helpers" time="0.008" /></testsuite></testsuites>