<?xml version="1.0" encoding="utf-8"?><testsuites><testsuite name="pytest" errors="0" failures="0" skipped="0" tests="53" time="0.784" timestamp="2026-08-25T19:22:11.330709" hostname="hamr-desktop"><testcase classname="hamr_bringup.hamr_bringup.test.test_closed_loop_turn_test" name="test_monitoring_qos_and_callback_service_until_deadline" time="0.037" /><testcase classname="hamr_bringup.hamr_bringup.test.test_closed_loop_turn_test" name="test_supervisor_and_controller_odom_timeouts_are_profile_bounded_and_match" time="0.036" /><testcase classname="hamr_bringup.hamr_bringup.test.test_closed_loop_turn_test" name="test_controller_reference_timeout_is_exactly_120ms_and_ordered_after_gap" time="0.001" /><testcase classname="hamr_bringup.hamr_bringup.test.test_closed_loop_turn_test" name="test_controller_and_supervisor_require_the_28_rpm_operating_cap" time="0.035" /><testcase classname="hamr_bringup.hamr_bringup.test.test_closed_loop_turn_test" name="test_mirrored_receipt_grace_accepts_observed_gaps_but_not_outage" time="0.000" /><testcase classname="hamr_bringup.hamr_bringup.test.test_closed_loop_turn_test" name="test_source_stamp_policy_is_shared_and_not_profile_or_speed_bounded" time="0.001" /><testcase classname="hamr_bringup.hamr_bringup.test.test_closed_loop_turn_test" name="test_callback_service_returns_as_soon_as_source_failure_latches" time="0.001" /><testcase classname="hamr_bringup.hamr_bringup.test.test_closed_loop_turn_test" name="test_absolute_reference_deadline_skips_missed_slots" time="0.000" /><testcase classname="hamr_bringup.hamr_bringup.test.test_closed_loop_turn_test" name="test_349ms_executor_overrun_aborts_before_late_reference" time="0.001" /><testcase classname="hamr_bringup.hamr_bringup.test.test_closed_loop_turn_test" name="test_normal_reference_jitter_drains_then_checks_current_time" time="0.001" /><testcase classname="hamr_bringup.hamr_bringup.test.test_closed_loop_turn_test" name="test_active_safety_never_queries_blocking_dds_graph" time="0.000" /><testcase classname="hamr_bringup.hamr_bringup.test.test_closed_loop_turn_test" name="test_persistent_executor_replaces_global_spin_once_calls" time="0.046" /><testcase classname="hamr_bringup.hamr_bringup.test.test_closed_loop_turn_test" name="test_path_is_bounded_and_mirrored" time="0.001" /><testcase classname="hamr_bringup.hamr_bringup.test.test_closed_loop_turn_test" name="test_transform_path_is_relative_to_position_and_heading" time="0.000" /><testcase classname="hamr_bringup.hamr_bringup.test.test_closed_loop_turn_test" name="test_translate_path_moves_origin_without_rotating_vicon_axes" time="0.000" /><testcase classname="hamr_bringup.hamr_bringup.test.test_closed_loop_turn_test" name="test_path_sampling_preserves_speed_and_stops_at_end" time="0.000" /><testcase classname="hamr_bringup.hamr_bringup.test.test_closed_loop_turn_test" name="test_default_schedule_has_margin_inside_absolute_hard_stop" time="0.000" /><testcase classname="hamr_bringup.hamr_bringup.test.test_closed_loop_turn_test" name="test_profile_defaults_preserve_compact_s_curve" time="0.001" /><testcase classname="hamr_bringup.hamr_bringup.test.test_closed_loop_turn_test" name="test_vicon_straight_profile_exact_geometry_config_and_timing" time="0.001" /><testcase classname="hamr_bringup.hamr_bringup.test.test_closed_loop_turn_test" name="test_vicon_straight_translation_bounds_and_schedule_are_exact" time="0.001" /><testcase classname="hamr_bringup.hamr_bringup.test.test_closed_loop_turn_test" name="test_mirrored_90_profile_exact_geometry_runtime_and_bounds" time="0.001" /><testcase classname="hamr_bringup.hamr_bringup.test.test_closed_loop_turn_test" name="test_mirrored_90_translation_and_all_corners_are_continuous" time="0.001" /><testcase classname="hamr_bringup.hamr_bringup.test.test_closed_loop_turn_test" name="test_mirrored_90_point_15_runtime_requires_bounded_timeout_override" time="0.000" /><testcase classname="hamr_bringup.hamr_bringup.test.test_closed_loop_turn_test" name="test_mirrored_90_accepts_point_15_and_point_20_but_rejects_point_25" time="0.001" /><testcase classname="hamr_bringup.hamr_bringup.test.test_closed_loop_turn_test" name="test_legacy_90_profile_exact_route_runtime_and_bounds" time="0.000" /><testcase classname="hamr_bringup.hamr_bringup.test.test_closed_loop_turn_test" name="test_legacy_90_all_boundaries_switch_on_time_without_zero_sample" time="0.001" /><testcase classname="hamr_bringup.hamr_bringup.test.test_closed_loop_turn_test" name="test_reference_schedule_has_only_start_and_final_zero_holds" time="0.000" /><testcase classname="hamr_bringup.hamr_bringup.test.test_closed_loop_turn_test" name="test_legacy_profile_matches_waypoint_traj_simple_active_points" time="0.012" /><testcase classname="hamr_bringup.hamr_bringup.test.test_closed_loop_turn_test" name="test_unknown_profile_is_rejected" time="0.001" /><testcase classname="hamr_bringup.hamr_bringup.test.test_closed_loop_turn_test" name="test_saturation_policy_is_strict_for_diagnostics_and_bounded_for_legacy" time="0.000" /><testcase classname="hamr_bringup.hamr_bringup.test.test_closed_loop_turn_test" name="test_cleared_saturation_episode_enforces_timeout_inclusively" time="0.001" /><testcase classname="hamr_bringup.hamr_bringup.test.test_closed_loop_turn_test" name="test_vicon_straight_saturation_allowance_is_exact_and_speed_specific" time="0.001" /><testcase classname="hamr_bringup.hamr_bringup.test.test_closed_loop_turn_test" name="test_vicon_straight_clean_preflight_is_exact_stage_only" time="0.001" /><testcase classname="hamr_bringup.hamr_bringup.test.test_closed_loop_turn_test" name="test_exact_stage_clean_preflight_boundary_and_readiness_resets" time="0.000" /><testcase classname="hamr_bringup.hamr_bringup.test.test_closed_loop_turn_test" name="test_exact_stage_reuses_one_fixed_deadline_across_both_preflights" time="0.025" /><testcase classname="hamr_bringup.hamr_bringup.test.test_closed_loop_turn_test" name="test_translated_vicon_bounds_are_inclusive_and_reject_escape" time="0.001" /><testcase classname="hamr_bringup.hamr_bringup.test.test_closed_loop_turn_test" name="test_translated_profile_accepts_any_position_but_requires_vicon_yaw" time="0.000" /><testcase classname="hamr_bringup.hamr_bringup.test.test_closed_loop_turn_test" name="test_source_stamp_status_requires_valid_nonzero_strictly_monotonic_data" time="0.000" /><testcase classname="hamr_bringup.hamr_bringup.test.test_closed_loop_turn_test" name="test_base_pose_envelope_is_inclusive_normalized_and_yaw_invariant" time="0.001" /><testcase classname="hamr_bringup.hamr_bringup.test.test_closed_loop_turn_test" name="test_base_pose_envelope_rejects_absolute_impossibilities[&lt;lambda&gt;-pose z=0]" time="0.001" /><testcase classname="hamr_bringup.hamr_bringup.test.test_closed_loop_turn_test" name="test_base_pose_envelope_rejects_absolute_impossibilities[&lt;lambda&gt;-pose z=1]" time="0.001" /><testcase classname="hamr_bringup.hamr_bringup.test.test_closed_loop_turn_test" name="test_base_pose_envelope_rejects_absolute_impossibilities[&lt;lambda&gt;-non-finite]" time="0.001" /><testcase classname="hamr_bringup.hamr_bringup.test.test_closed_loop_turn_test" name="test_base_pose_envelope_rejects_absolute_impossibilities[&lt;lambda&gt;-quaternion]" time="0.001" /><testcase classname="hamr_bringup.hamr_bringup.test.test_closed_loop_turn_test" name="test_base_pose_envelope_rejects_tilt_just_beyond_limit" time="0.000" /><testcase classname="hamr_bringup.hamr_bringup.test.test_closed_loop_turn_test" name="test_controller_pose_envelope_must_exactly_match_supervisor" time="0.001" /><testcase classname="hamr_bringup.hamr_bringup.test.test_closed_loop_turn_test" name="test_hardware_supervisor_requires_world_odom_twist_velocity_source" time="0.035" /><testcase classname="hamr_bringup.hamr_bringup.test.test_closed_loop_turn_test" name="test_supervisor_accepts_absolute_offset_but_not_nonmonotonic_source_stamp" time="0.001" /><testcase classname="hamr_bringup.hamr_bringup.test.test_closed_loop_turn_test" name="test_supervisor_receipt_watchdog_aborts_from_last_accepted_time" time="0.001" /><testcase classname="hamr_bringup.hamr_bringup.test.test_closed_loop_turn_test" name="test_stable_wrong_pose_cannot_establish_preflight_baseline" time="0.001" /><testcase classname="hamr_bringup.hamr_bringup.test.test_closed_loop_turn_test" name="test_clean_preflight_resets_on_reject_gap_and_heading_misalignment" time="0.001" /><testcase classname="hamr_bringup.hamr_bringup.test.test_closed_loop_turn_test" name="test_active_pose_envelope_failure_survives_fresh_burst_and_aborts" time="0.001" /><testcase classname="hamr_bringup.hamr_bringup.test.test_closed_loop_turn_test" name="test_active_source_rejection_survives_fresh_burst_and_aborts" time="0.001" /><testcase classname="hamr_bringup.hamr_bringup.test.test_closed_loop_turn_test" name="test_path_timing_rejects_unsafe_inputs" time="0.000" /></testsuite></testsuites>