<?xml version="1.0" encoding="utf-8"?><testsuites><testsuite name="pytest" errors="0" failures="0" skipped="0" tests="9" time="0.177" timestamp="2026-08-25T19:22:15.030247" hostname="hamr-desktop"><testcase classname="hamr_bringup.hamr_bringup.test.test_run_waypoint_test" name="test_default_command_enables_motion_and_auto_labels_bag" time="0.019" /><testcase classname="hamr_bringup.hamr_bringup.test.test_run_waypoint_test" name="test_optional_launch_arguments_are_forwarded_without_shell_evaluation" time="0.020" /><testcase classname="hamr_bringup.hamr_bringup.test.test_run_waypoint_test" name="test_explicit_enable_argument_is_not_duplicated" time="0.019" /><testcase classname="hamr_bringup.hamr_bringup.test.test_run_waypoint_test" name="test_recording_and_foxglove_defaults_remain_caller_overridable" time="0.019" /><testcase classname="hamr_bringup.hamr_bringup.test.test_run_waypoint_test" name="test_same_second_existing_bag_gets_deterministic_suffix" time="0.038" /><testcase classname="hamr_bringup.hamr_bringup.test.test_run_waypoint_test" name="test_malformed_speed_fails_before_launch" time="0.007" /><testcase classname="hamr_bringup.hamr_bringup.test.test_run_waypoint_test" name="test_speed_label_never_rounds_a_more_precise_command" time="0.007" /><testcase classname="hamr_bringup.hamr_bringup.test.test_run_waypoint_test" name="test_zero_speed_fails_before_launch" time="0.011" /><testcase classname="hamr_bringup.hamr_bringup.test.test_run_waypoint_test" name="test_script_never_uses_eval_for_launch_arguments" time="0.001" /></testsuite></testsuites>