<?xml version="1.0" encoding="utf-8"?><testsuites><testsuite name="pytest" errors="0" failures="0" skipped="0" tests="10" time="0.128" timestamp="2026-08-25T19:22:15.902842" hostname="hamr-desktop"><testcase classname="hamr_bringup.hamr_bringup.test.test_split_waypoint_commands" name="test_stack_starts_recorder_and_controller_without_trajectory" time="0.028" /><testcase classname="hamr_bringup.hamr_bringup.test.test_split_waypoint_commands" name="test_stack_fixed_contract_rejects_every_override[enable_waypoint:=true]" time="0.006" /><testcase classname="hamr_bringup.hamr_bringup.test.test_split_waypoint_commands" name="test_stack_fixed_contract_rejects_every_override[record_bag:=false]" time="0.006" /><testcase classname="hamr_bringup.hamr_bringup.test.test_split_waypoint_commands" name="test_stack_fixed_contract_rejects_every_override[run_controller:=false]" time="0.007" /><testcase classname="hamr_bringup.hamr_bringup.test.test_split_waypoint_commands" name="test_stack_fixed_contract_rejects_every_override[v_lin:=0.15]" time="0.007" /><testcase classname="hamr_bringup.hamr_bringup.test.test_split_waypoint_commands" name="test_stack_fixed_contract_rejects_every_override[w_yaw:=0.25]" time="0.007" /><testcase classname="hamr_bringup.hamr_bringup.test.test_split_waypoint_commands" name="test_stack_fixed_contract_rejects_every_override[reference_timer_hz:=10.0]" time="0.007" /><testcase classname="hamr_bringup.hamr_bringup.test.test_split_waypoint_commands" name="test_stack_fixed_contract_rejects_every_override[required_reference_subscribers:=1]" time="0.007" /><testcase classname="hamr_bringup.hamr_bringup.test.test_split_waypoint_commands" name="test_reference_command_is_only_the_fixed_one_shot_publisher" time="0.011" /><testcase classname="hamr_bringup.hamr_bringup.test.test_split_waypoint_commands" name="test_reference_profile_cannot_be_silently_overridden" time="0.006" /></testsuite></testsuites>