<?xml version="1.0" encoding="utf-8"?><testsuites><testsuite name="pytest" errors="0" failures="0" skipped="0" tests="66" time="0.305" timestamp="2026-08-25T19:22:22.300095" hostname="hamr-desktop"><testcase classname="hamr_bringup.hamr_bringup.test.test_analyze_study_test" name="test_preflight_requires_closed_storage_and_core_topics" time="0.007" /><testcase classname="hamr_bringup.hamr_bringup.test.test_analyze_study_test" name="test_latest_selection_skips_malformed_newer_bag" time="0.006" /><testcase classname="hamr_bringup.hamr_bringup.test.test_analyze_study_test" name="test_completion_is_relative_to_manifest_and_first_last_reference" time="0.001" /><testcase classname="hamr_bringup.hamr_bringup.test.test_analyze_study_test" name="test_partial_reference_is_analyzable_but_not_complete" time="0.001" /><testcase classname="hamr_bringup.hamr_bringup.test.test_analyze_study_test" name="test_lifecycle_rejects_extra_cycle_and_excess_duration" time="0.001" /><testcase classname="hamr_bringup.hamr_bringup.test.test_analyze_study_test" name="test_primary_tracking_error_uses_motion_not_endpoint_holds" time="0.003" /><testcase classname="hamr_bringup.hamr_bringup.test.test_analyze_study_test" name="test_final_vicon_coverage_is_reported_separately_from_fraction" time="0.003" /><testcase classname="hamr_bringup.hamr_bringup.test.test_analyze_study_test" name="test_circle_metrics_report_radial_bias_and_phase_lag" time="0.002" /><testcase classname="hamr_bringup.hamr_bringup.test.test_analyze_study_test" name="test_manifest_rows_must_be_stable_json" time="0.001" /><testcase classname="hamr_bringup.hamr_bringup.test.test_analyze_study_test" name="test_existing_operator_exclusion_is_preserved_until_explicit_include" time="0.001" /><testcase classname="hamr_bringup.hamr_bringup.test.test_analyze_study_test" name="test_aggregate_update_is_idempotent_by_run_id" time="0.005" /><testcase classname="hamr_bringup.hamr_bringup.test.test_analyze_study_test" name="test_profile_hash_revisions_are_never_pooled" time="0.005" /><testcase classname="hamr_bringup.hamr_bringup.test.test_analyze_study_test" name="test_lifecycle_accepts_declared_forward_dwell_reverse_phases" time="0.001" /><testcase classname="hamr_bringup.hamr_bringup.test.test_analyze_study_test" name="test_translation_primary_window_gap_is_reference_clock_anchored_and_invalid" time="0.001" /><testcase classname="hamr_bringup.hamr_bringup.test.test_analyze_study_test" name="test_common_metric_lateral_gap_after_onset_is_formally_invalid" time="0.001" /><testcase classname="hamr_bringup.hamr_bringup.test.test_analyze_study_test" name="test_reversal_post_window_and_outbound_common_gaps_are_invalid" time="0.002" /><testcase classname="hamr_bringup.hamr_bringup.test.test_analyze_study_test" name="test_translation_metrics_are_axis_specific_and_report_step_response" time="0.002" /><testcase classname="hamr_bringup.hamr_bringup.test.test_analyze_study_test" name="test_reversal_metrics_exclude_dwell_and_measure_delay_and_overshoot" time="0.003" /><testcase classname="hamr_bringup.hamr_bringup.test.test_analyze_study_test" name="test_actuator_diagnostics_separate_cap_saturation_and_rpm_error" time="0.002" /><testcase classname="hamr_bringup.hamr_bringup.test.test_analyze_study_test" name="test_actuator_cap_is_independent_and_unknown_status_layout_is_not_decoded" time="0.002" /><testcase classname="hamr_bringup.hamr_bringup.test.test_analyze_study_test" name="test_noninteger_wheel_status_source_is_not_coerced_to_timeout" time="0.001" /><testcase classname="hamr_bringup.hamr_bringup.test.test_analyze_study_test" name="test_sparse_active_actuator_topics_do_not_report_zero_exposure" time="0.002" /><testcase classname="hamr_bringup.hamr_bringup.test.test_analyze_study_test" name="test_forward_reverse_actuator_support_requires_midpoint_dwell" time="0.007" /><testcase classname="hamr_bringup.hamr_bringup.test.test_analyze_study_test" name="test_actuator_plot_invocation_uses_manifest_wheel_limit" time="0.001" /><testcase classname="hamr_bringup.hamr_bringup.test.test_analyze_study_test" name="test_imu_disturbance_proxy_requires_quality_for_high_frequency_metric" time="0.002" /><testcase classname="hamr_bringup.hamr_bringup.test.test_analyze_study_test" name="test_matched_comparisons_use_repetitions_and_preserve_profile_hash" time="0.001" /><testcase classname="hamr_bringup.hamr_bringup.test.test_analyze_study_test" name="test_planned_trial_coverage_counts_unrecorded_attempts" time="0.001" /><testcase classname="hamr_bringup.hamr_bringup.test.test_analyze_study_test" name="test_profile_hash_and_formal_condition_checks_are_explicit" time="0.000" /><testcase classname="hamr_bringup.hamr_bringup.test.test_analyze_study_test" name="test_quaternion_tilt_and_pose_envelope_are_formal_validity_checks" time="0.000" /><testcase classname="hamr_bringup.hamr_bringup.test.test_analyze_study_test" name="test_vicon_source_stamps_are_extracted_without_using_clock_offset" time="0.001" /><testcase classname="hamr_bringup.hamr_bringup.test.test_analyze_study_test" name="test_vicon_source_stamp_freeze_reverse_gap_and_zero_are_invalid[source_t0-duplicate/frozen]" time="0.001" /><testcase classname="hamr_bringup.hamr_bringup.test.test_analyze_study_test" name="test_vicon_source_stamp_freeze_reverse_gap_and_zero_are_invalid[source_t1-reversed]" time="0.001" /><testcase classname="hamr_bringup.hamr_bringup.test.test_analyze_study_test" name="test_vicon_source_stamp_freeze_reverse_gap_and_zero_are_invalid[source_t2-gaps exceed]" time="0.001" /><testcase classname="hamr_bringup.hamr_bringup.test.test_analyze_study_test" name="test_vicon_source_stamp_freeze_reverse_gap_and_zero_are_invalid[source_t3-zero or negative]" time="0.001" /><testcase classname="hamr_bringup.hamr_bringup.test.test_analyze_study_test" name="test_missing_vicon_source_stamps_are_invalid" time="0.000" /><testcase classname="hamr_bringup.hamr_bringup.test.test_analyze_study_test" name="test_duplicate_valid_repetition_is_flagged_and_not_averaged" time="0.001" /><testcase classname="hamr_bringup.hamr_bringup.test.test_analyze_study_test" name="test_directional_asymmetry_has_declared_left_minus_right_sign" time="0.001" /><testcase classname="hamr_bringup.hamr_bringup.test.test_analyze_study_test" name="test_tracking_to_response_uses_one_causal_filter_without_future_leakage" time="0.004" /><testcase classname="hamr_bringup.hamr_bringup.test.test_analyze_study_test" name="test_explicit_plan_is_read_only_and_hashed_in_summary" time="0.003" /><testcase classname="hamr_bringup.hamr_bringup.test.test_analyze_study_test" name="test_detached_formal_csv_rows_include_selected_plan_provenance" time="0.006" /><testcase classname="hamr_bringup.hamr_bringup.test.test_analyze_study_test" name="test_no_plan_rewrites_stale_plan_outputs_and_labels_results_exploratory" time="0.006" /><testcase classname="hamr_bringup.hamr_bringup.test.test_analyze_study_test" name="test_malformed_selected_plan_does_not_mutate_existing_runs_csv" time="0.002" /><testcase classname="hamr_bringup.hamr_bringup.test.test_analyze_study_test" name="test_analysis_revisions_are_not_pooled" time="0.005" /><testcase classname="hamr_bringup.hamr_bringup.test.test_analyze_study_test" name="test_plan_contract_mismatch_is_not_formal_and_numeric_versions_match" time="0.000" /><testcase classname="hamr_bringup.hamr_bringup.test.test_analyze_study_test" name="test_missing_required_provenance_cannot_match_selected_plan[study_stack_contract_version]" time="0.001" /><testcase classname="hamr_bringup.hamr_bringup.test.test_analyze_study_test" name="test_missing_required_provenance_cannot_match_selected_plan[controller_config_sha256]" time="0.001" /><testcase classname="hamr_bringup.hamr_bringup.test.test_analyze_study_test" name="test_missing_required_provenance_cannot_match_selected_plan[wheel_speed_limit_rad_s]" time="0.001" /><testcase classname="hamr_bringup.hamr_bringup.test.test_analyze_study_test" name="test_missing_required_provenance_cannot_match_selected_plan[turret_control_enabled]" time="0.000" /><testcase classname="hamr_bringup.hamr_bringup.test.test_analyze_study_test" name="test_missing_required_provenance_cannot_match_selected_plan[nominal_start_base_yaw_rad]" time="0.001" /><testcase classname="hamr_bringup.hamr_bringup.test.test_analyze_study_test" name="test_missing_required_provenance_cannot_match_selected_plan[start_base_yaw_tolerance_rad]" time="0.001" /><testcase classname="hamr_bringup.hamr_bringup.test.test_analyze_study_test" name="test_turret_provenance_serializes_only_explicit_boole" time="0.000" /><testcase classname="hamr_bringup.hamr_bringup.test.test_analyze_study_test" name="test_selected_plan_requires_hardware_block_and_positive_integer_order[hardware_block_id-]" time="0.001" /><testcase classname="hamr_bringup.hamr_bringup.test.test_analyze_study_test" name="test_selected_plan_requires_hardware_block_and_positive_integer_order[planned_order-]" time="0.002" /><testcase classname="hamr_bringup.hamr_bringup.test.test_analyze_study_test" name="test_selected_plan_requires_hardware_block_and_positive_integer_order[planned_order-0]" time="0.001" /><testcase classname="hamr_bringup.hamr_bringup.test.test_analyze_study_test" name="test_selected_plan_requires_hardware_block_and_positive_integer_order[planned_order-1.0]" time="0.001" /><testcase classname="hamr_bringup.hamr_bringup.test.test_analyze_study_test" name="test_selected_plan_requires_unique_planned_order" time="0.001" /><testcase classname="hamr_bringup.hamr_bringup.test.test_analyze_study_test" name="test_selected_plan_excludes_unplanned_pilot_from_formal_estimates" time="0.006" /><testcase classname="hamr_bringup.hamr_bringup.test.test_analyze_study_test" name="test_duplicate_valid_attempts_for_planned_id_are_all_excluded" time="0.001" /><testcase classname="hamr_bringup.hamr_bringup.test.test_analyze_study_test" name="test_reorientation_penalties_use_same_two_second_integral_and_sign" time="0.001" /><testcase classname="hamr_bringup.hamr_bringup.test.test_analyze_study_test" name="test_reorientation_penalty_reports_missing_planned_baseline" time="0.000" /><testcase classname="hamr_bringup.hamr_bringup.test.test_analyze_study_test" name="test_speed_comparisons_require_a_shared_predeclared_matched_block" time="0.001" /><testcase classname="hamr_bringup.hamr_bringup.test.test_analyze_study_test" name="test_condition_statistics_label_roles_and_report_small_n_descriptives" time="0.001" /><testcase classname="hamr_bringup.hamr_bringup.test.test_analyze_study_test" name="test_single_run_sample_sd_is_unavailable_in_condition_and_aggregate" time="0.003" /><testcase classname="hamr_bringup.hamr_bringup.test.test_analyze_study_test" name="test_paper_summary_does_not_treat_missing_actuator_topics_as_zero" time="0.002" /><testcase classname="hamr_bringup.hamr_bringup.test.test_analyze_study_test" name="test_common_time_weighted_xy_metric_does_not_bridge_midpoint_dwell" time="0.001" /><testcase classname="hamr_bringup.hamr_bringup.test.test_analyze_study_test" name="test_common_time_weighted_xy_metric_does_not_bridge_active_data_gap" time="0.001" /></testsuite></testsuites>