<?xml version="1.0" encoding="utf-8"?><testsuites><testsuite name="pytest" errors="0" failures="0" skipped="0" tests="10" time="2.008" timestamp="2026-08-25T19:22:23.344454" hostname="hamr-desktop"><testcase classname="hamr_bringup.hamr_bringup.test.test_create_study_plan" name="test_default_is_exact_gate_one_matrix_and_canonical_schema" time="0.116" /><testcase classname="hamr_bringup.hamr_bringup.test.test_create_study_plan" name="test_gate_counts_ids_commands_and_order_are_deterministic" time="0.334" /><testcase classname="hamr_bringup.hamr_bringup.test.test_create_study_plan" name="test_caster_block_order_is_counterbalanced" time="0.107" /><testcase classname="hamr_bringup.hamr_bringup.test.test_create_study_plan" name="test_default_output_is_under_bag_root_and_planner_never_runs_ros" time="0.105" /><testcase classname="hamr_bringup.hamr_bringup.test.test_create_study_plan" name="test_existing_plan_is_immutable_even_when_content_would_change" time="0.198" /><testcase classname="hamr_bringup.hamr_bringup.test.test_create_study_plan" name="test_invalid_or_duplicate_caster_is_rejected_without_output" time="0.193" /><testcase classname="hamr_bringup.hamr_bringup.test.test_create_study_plan" name="test_compatible_attempt_log_is_preserved_across_versioned_plans" time="0.207" /><testcase classname="hamr_bringup.hamr_bringup.test.test_create_study_plan" name="test_profile_revision_changes_only_affected_planned_ids" time="0.202" /><testcase classname="hamr_bringup.hamr_bringup.test.test_create_study_plan" name="test_terrain_and_initial_orientation_are_part_of_planned_id" time="0.202" /><testcase classname="hamr_bringup.hamr_bringup.test.test_create_study_plan" name="test_controller_revision_changes_ids_and_invalid_limit_is_rejected" time="0.302" /></testsuite></testsuites>