<?xml version="1.0" encoding="utf-8"?><testsuites><testsuite name="pytest" errors="0" failures="0" skipped="0" tests="33" time="4.029" timestamp="2026-08-25T19:22:17.561947" hostname="hamr-desktop"><testcase classname="hamr_bringup.hamr_bringup.test.test_study_commands" name="test_study_stack_is_motionless_and_has_no_recorder" time="0.013" /><testcase classname="hamr_bringup.hamr_bringup.test.test_study_commands" name="test_study_stack_rejects_arguments_before_launch" time="0.007" /><testcase classname="hamr_bringup.hamr_bringup.test.test_study_commands" name="test_reference_auto_labels_and_passes_one_manifest_source" time="0.155" /><testcase classname="hamr_bringup.hamr_bringup.test.test_study_commands" name="test_reference_accepts_baseline_profiles_before_recording[straight_forward]" time="0.129" /><testcase classname="hamr_bringup.hamr_bringup.test.test_study_commands" name="test_reference_accepts_baseline_profiles_before_recording[straight_backward]" time="0.129" /><testcase classname="hamr_bringup.hamr_bringup.test.test_study_commands" name="test_reference_accepts_baseline_profiles_before_recording[lateral_left]" time="0.130" /><testcase classname="hamr_bringup.hamr_bringup.test.test_study_commands" name="test_reference_accepts_baseline_profiles_before_recording[lateral_right]" time="0.128" /><testcase classname="hamr_bringup.hamr_bringup.test.test_study_commands" name="test_reference_accepts_baseline_profiles_before_recording[forward_reverse]" time="0.127" /><testcase classname="hamr_bringup.hamr_bringup.test.test_study_commands" name="test_planned_id_accepts_safe_values_through_128_characters" time="0.133" /><testcase classname="hamr_bringup.hamr_bringup.test.test_study_commands" name="test_reference_rejects_unsafe_planned_id_before_recording[aaaaaaaaaaaaaaaaaaaaaaaaaaaaaaaaaaaaaaaaaaaaaaaaaaaaaaaaaaaaaaaaaaaaaaaaaaaaaaaaaaaaaaaaaaaaaaaaaaaaaaaaaaaaaaaaaaaaaaaaaaaaaaaaa]" time="0.012" /><testcase classname="hamr_bringup.hamr_bringup.test.test_study_commands" name="test_reference_rejects_unsafe_planned_id_before_recording[contains spaces]" time="0.009" /><testcase classname="hamr_bringup.hamr_bringup.test.test_study_commands" name="test_reference_rejects_unsafe_planned_id_before_recording[../unsafe]" time="0.008" /><testcase classname="hamr_bringup.hamr_bringup.test.test_study_commands" name="test_reference_rejects_unsafe_planned_id_before_recording[-leading]" time="0.008" /><testcase classname="hamr_bringup.hamr_bringup.test.test_study_commands" name="test_expected_hash_mismatch_is_rejected_before_launch[--expected-profile-sha256-Profile SHA-256 mismatch]" time="0.036" /><testcase classname="hamr_bringup.hamr_bringup.test.test_study_commands" name="test_expected_hash_mismatch_is_rejected_before_launch[--expected-controller-config-sha256-Controller-config SHA-256 mismatch]" time="0.036" /><testcase classname="hamr_bringup.hamr_bringup.test.test_study_commands" name="test_malformed_expected_hash_is_rejected_before_launch[--expected-profile-sha256]" time="0.008" /><testcase classname="hamr_bringup.hamr_bringup.test.test_study_commands" name="test_malformed_expected_hash_is_rejected_before_launch[--expected-controller-config-sha256]" time="0.008" /><testcase classname="hamr_bringup.hamr_bringup.test.test_study_commands" name="test_invalid_controller_provenance_is_rejected_before_launch[wheel_speed_limit_rad_s: 2.93215314335-wheel_speed_limit_rad_s: 0.0-must be a positive number]" time="0.116" /><testcase classname="hamr_bringup.hamr_bringup.test.test_study_commands" name="test_invalid_controller_provenance_is_rejected_before_launch[turret_enabled: false-turret_enabled: disabled-must be a YAML boolean]" time="0.114" /><testcase classname="hamr_bringup.hamr_bringup.test.test_study_commands" name="test_every_unique_gate_three_planner_command_passes_preflight" time="1.691" /><testcase classname="hamr_bringup.hamr_bringup.test.test_study_commands" name="test_reference_rejects_unknown_profile_before_recording[Triangle]" time="0.007" /><testcase classname="hamr_bringup.hamr_bringup.test.test_study_commands" name="test_reference_rejects_unknown_profile_before_recording[circle]" time="0.007" /><testcase classname="hamr_bringup.hamr_bringup.test.test_study_commands" name="test_reference_rejects_unknown_profile_before_recording[unknown]" time="0.007" /><testcase classname="hamr_bringup.hamr_bringup.test.test_study_commands" name="test_reference_rejects_unknown_profile_before_recording[../triangle]" time="0.007" /><testcase classname="hamr_bringup.hamr_bringup.test.test_study_commands" name="test_reference_rejects_unsupported_or_ambiguous_speed[0]" time="0.116" /><testcase classname="hamr_bringup.hamr_bringup.test.test_study_commands" name="test_reference_rejects_unsupported_or_ambiguous_speed[0.001]" time="0.112" /><testcase classname="hamr_bringup.hamr_bringup.test.test_study_commands" name="test_reference_rejects_unsupported_or_ambiguous_speed[0.21]" time="0.114" /><testcase classname="hamr_bringup.hamr_bringup.test.test_study_commands" name="test_reference_rejects_unsupported_or_ambiguous_speed[1.01]" time="0.115" /><testcase classname="hamr_bringup.hamr_bringup.test.test_study_commands" name="test_reference_rejects_unsupported_or_ambiguous_speed[fast]" time="0.115" /><testcase classname="hamr_bringup.hamr_bringup.test.test_study_commands" name="test_reference_rejects_unsupported_or_ambiguous_speed[0.155]" time="0.111" /><testcase classname="hamr_bringup.hamr_bringup.test.test_study_commands" name="test_reference_collision_gets_deterministic_suffix" time="0.254" /><testcase classname="hamr_bringup.hamr_bringup.test.test_study_commands" name="test_launch_has_fixed_lifecycle_and_exactly_one_recorder_and_reference" time="0.001" /><testcase classname="hamr_bringup.hamr_bringup.test.test_study_commands" name="test_metadata_topic_is_recorded_with_transient_local_qos" time="0.002" /></testsuite></testsuites>