<?xml version="1.0" encoding="utf-8"?><testsuites><testsuite name="pytest" errors="0" failures="0" skipped="0" tests="8" time="0.064" timestamp="2026-08-25T19:22:12.894512" hostname="hamr-desktop"><testcase classname="hamr_bringup.hamr_bringup.test.test_vicon_delivery_config" name="test_hardware_xy_derivative_gains_are_conservative" time="0.006" /><testcase classname="hamr_bringup.hamr_bringup.test.test_vicon_delivery_config" name="test_hardware_controller_uses_receipt_monotonic_vicon_clock_policy" time="0.006" /><testcase classname="hamr_bringup.hamr_bringup.test.test_vicon_delivery_config" name="test_normal_hardware_feedback_defaults_remain_vicon_specific" time="0.001" /><testcase classname="hamr_bringup.hamr_bringup.test.test_vicon_delivery_config" name="test_waypoint_vicon_unprotected_wrapper_is_narrow_and_one_shot" time="0.006" /><testcase classname="hamr_bringup.hamr_bringup.test.test_vicon_delivery_config" name="test_ros_feedforward_compensation_is_bounded_but_neutral_by_default" time="0.005" /><testcase classname="hamr_bringup.hamr_bringup.test.test_vicon_delivery_config" name="test_hardware_uses_one_global_firmware_matched_wheel_speed_limit" time="0.005" /><testcase classname="hamr_bringup.hamr_bringup.test.test_vicon_delivery_config" name="test_recorder_vicon_topics_are_best_effort_latest_only" time="0.003" /><testcase classname="hamr_bringup.hamr_bringup.test.test_vicon_delivery_config" name="test_foxglove_can_be_disabled_but_remains_on_by_default" time="0.001" /></testsuite></testsuites>