<?xml version="1.0" encoding="utf-8"?><testsuites><testsuite name="pytest" errors="0" failures="0" skipped="0" tests="38" time="0.587" timestamp="2026-08-25T19:22:13.652057" hostname="hamr-desktop"><testcase classname="hamr_bringup.hamr_bringup.test.test_wheel_response_test" name="test_preflight_publishes_only_zero_heartbeats_until_inputs_are_ready" time="0.001" /><testcase classname="hamr_bringup.hamr_bringup.test.test_wheel_response_test" name="test_odom_monitor_qos_and_pose_guard_limits_are_fixed" time="0.051" /><testcase classname="hamr_bringup.hamr_bringup.test.test_wheel_response_test" name="test_invalid_source_stamp_latches_before_refresh[stamp0-zero header timestamp]" time="0.001" /><testcase classname="hamr_bringup.hamr_bringup.test.test_wheel_response_test" name="test_invalid_source_stamp_latches_before_refresh[stamp1-invalid header timestamp]" time="0.001" /><testcase classname="hamr_bringup.hamr_bringup.test.test_wheel_response_test" name="test_invalid_source_stamp_latches_before_refresh[stamp2-invalid header timestamp]" time="0.001" /><testcase classname="hamr_bringup.hamr_bringup.test.test_wheel_response_test" name="test_absolute_clock_offset_does_not_affect_fully_valid_preflight_sample" time="0.001" /><testcase classname="hamr_bringup.hamr_bringup.test.test_wheel_response_test" name="test_duplicate_or_reversed_source_stamp_latches_without_refresh[stamp0]" time="0.001" /><testcase classname="hamr_bringup.hamr_bringup.test.test_wheel_response_test" name="test_duplicate_or_reversed_source_stamp_latches_without_refresh[stamp1]" time="0.001" /><testcase classname="hamr_bringup.hamr_bringup.test.test_wheel_response_test" name="test_pose_guard_boundaries_are_inclusive_normalized_and_yaw_invariant" time="0.001" /><testcase classname="hamr_bringup.hamr_bringup.test.test_wheel_response_test" name="test_observed_pose_jump_latches_stops_and_never_recovers" time="0.001" /><testcase classname="hamr_bringup.hamr_bringup.test.test_wheel_response_test" name="test_preflight_requires_firmware_acknowledgement_of_uart_zero" time="0.000" /><testcase classname="hamr_bringup.hamr_bringup.test.test_wheel_response_test" name="test_active_motion_rejects_firmware_stop_and_external_sources" time="0.000" /><testcase classname="hamr_bringup.hamr_bringup.test.test_wheel_response_test" name="test_firmware_pid_plan_is_one_equal_forward_trial_with_hard_command_cap" time="0.000" /><testcase classname="hamr_bringup.hamr_bringup.test.test_wheel_response_test" name="test_firmware_pid_tick_bounds_are_inclusive_and_fail_closed" time="0.001" /><testcase classname="hamr_bringup.hamr_bringup.test.test_wheel_response_test" name="test_firmware_pid_profile_requires_explicit_opt_in_and_fixed_envelope" time="0.001" /><testcase classname="hamr_bringup.hamr_bringup.test.test_wheel_response_test" name="test_firmware_pid_v020_dry_run_validates_without_motion" time="0.000" /><testcase classname="hamr_bringup.hamr_bringup.test.test_wheel_response_test" name="test_encoder_only_readiness_does_not_depend_on_vicon" time="0.001" /><testcase classname="hamr_bringup.hamr_bringup.test.test_wheel_response_test" name="test_firmware_pid_status_guard_rejects_source_saturation_and_reverse" time="0.001" /><testcase classname="hamr_bringup.hamr_bringup.test.test_wheel_response_test" name="test_firmware_pid_plateau_target_must_match_requested_speed" time="0.000" /><testcase classname="hamr_bringup.hamr_bringup.test.test_wheel_response_test" name="test_firmware_pid_source_ack_is_required_at_grace_boundary" time="0.000" /><testcase classname="hamr_bringup.hamr_bringup.test.test_wheel_response_test" name="test_firmware_pid_diagnostic_guard_requires_fresh_forward_counts" time="0.001" /><testcase classname="hamr_bringup.hamr_bringup.test.test_wheel_response_test" name="test_firmware_zero_ack_requires_zero_actuator_state" time="0.000" /><testcase classname="hamr_bringup.hamr_bringup.test.test_wheel_response_test" name="test_firmware_pid_requires_harness_to_be_only_command_publisher" time="0.001" /><testcase classname="hamr_bringup.hamr_bringup.test.test_wheel_response_test" name="test_firmware_pid_trial_publishes_zero_immediately_on_guard_failure" time="0.001" /><testcase classname="hamr_bringup.hamr_bringup.test.test_wheel_response_test" name="test_firmware_pid_stop_drains_latest_ticks_before_coast_baseline" time="0.001" /><testcase classname="hamr_bringup.hamr_bringup.test.test_wheel_response_test" name="test_firmware_pid_stop_attempts_zero_even_if_callback_drain_fails" time="0.001" /><testcase classname="hamr_bringup.hamr_bringup.test.test_wheel_response_test" name="test_firmware_pid_final_zero_waits_for_new_complete_ack" time="0.001" /><testcase classname="hamr_bringup.hamr_bringup.test.test_wheel_response_test" name="test_firmware_pid_hard_elapsed_duration_is_independent_of_parameters" time="0.001" /><testcase classname="hamr_bringup.hamr_bringup.test.test_wheel_response_test" name="test_firmware_pid_post_stop_coast_bounds_are_inclusive" time="0.001" /><testcase classname="hamr_bringup.hamr_bringup.test.test_wheel_response_test" name="test_firmware_pid_nonzero_gap_sends_zero_before_failing" time="0.001" /><testcase classname="hamr_bringup.hamr_bringup.test.test_wheel_response_test" name="test_post_stop_allows_measured_rebound_then_requires_final_full_zero" time="0.002" /><testcase classname="hamr_bringup.hamr_bringup.test.test_wheel_response_test" name="test_encoder_preflight_rejects_publisher_conflict_before_first_heartbeat" time="0.000" /><testcase classname="hamr_bringup.hamr_bringup.test.test_wheel_response_test" name="test_encoder_preflight_rejects_unsafe_status_before_first_heartbeat[status0]" time="0.001" /><testcase classname="hamr_bringup.hamr_bringup.test.test_wheel_response_test" name="test_encoder_preflight_rejects_unsafe_status_before_first_heartbeat[status1]" time="0.000" /><testcase classname="hamr_bringup.hamr_bringup.test.test_wheel_response_test" name="test_encoder_callback_service_is_bounded_burst" time="0.000" /><testcase classname="hamr_bringup.hamr_bringup.test.test_wheel_response_test" name="test_post_stop_coast_cannot_exceed_original_motion_tick_envelope" time="0.001" /><testcase classname="hamr_bringup.hamr_bringup.test.test_wheel_response_test" name="test_post_stop_requires_prompt_complete_zero_ack" time="0.001" /><testcase classname="hamr_bringup.hamr_bringup.test.test_wheel_response_test" name="test_post_stop_rejects_zero_state_regression_after_ack" time="0.001" /></testsuite></testsuites>