<?xml version="1.0" encoding="UTF-8"?>
<Site BuildName="(empty)"
	BuildStamp="20260820-2149-Experimental"
	Name="hamr-desktop"
	Generator="ctest-3.28.3"
	CompilerName="/usr/bin/c++"
	CompilerVersion="13.3.0"
	OSName="Linux"
	Hostname="hamr-desktop"
	OSRelease="6.8.0-1057-raspi"
	OSVersion="#61-Ubuntu SMP PREEMPT_DYNAMIC Tue May 26 22:12:44 UTC 2026"
	OSPlatform="aarch64"
	Is64Bits="1"
	VendorString=""
	VendorID="Unknown Manufacturer"
	FamilyID="8"
	ModelID="0"
	ProcessorCacheSize="0"
	NumberOfLogicalCPU="4"
	NumberOfPhysicalCPU="1"
	TotalVirtualMemory="1023"
	TotalPhysicalMemory="7937"
	LogicalProcessorsPerPhysical="4"
	ProcessorClockFrequency="0"
	>
	<Testing>
		<StartDateTime>Aug 20 17:49 EDT</StartDateTime>
		<StartTestTime>1787262570</StartTestTime>
		<TestList>
			<Test>./closed_loop_turn_test_math</Test>
			<Test>./vicon_delivery_config</Test>
			<Test>./wheel_response_test_safety</Test>
		</TestList>
		<Test Status="passed">
			<Name>closed_loop_turn_test_math</Name>
			<Path>.</Path>
			<FullName>./closed_loop_turn_test_math</FullName>
			<FullCommandLine>/usr/bin/python3 "-u" "/opt/ros/jazzy/share/ament_cmake_test/cmake/run_test.py" "/home/hamr/hamster_ws/src/hamr_control/build/hamr_bringup/test_results/hamr_bringup/closed_loop_turn_test_math.xunit.xml" "--package-name" "hamr_bringup" "--output-file" "/home/hamr/hamster_ws/src/hamr_control/build/hamr_bringup/ament_cmake_pytest/closed_loop_turn_test_math.txt" "--command" "/usr/bin/python3" "-u" "-m" "pytest" "/home/hamr/hamster_ws/src/hamr_control/hamr_bringup/test/test_closed_loop_turn_test.py" "-o" "cache_dir=/home/hamr/hamster_ws/src/hamr_control/build/hamr_bringup/ament_cmake_pytest/closed_loop_turn_test_math/.cache" "--junit-xml=/home/hamr/hamster_ws/src/hamr_control/build/hamr_bringup/test_results/hamr_bringup/closed_loop_turn_test_math.xunit.xml" "--junit-prefix=hamr_bringup"</FullCommandLine>
			<Results>
				<NamedMeasurement type="numeric/double" name="Execution Time">
					<Value>1.58515</Value>
				</NamedMeasurement>
				<NamedMeasurement type="numeric/double" name="Processors">
					<Value>1</Value>
				</NamedMeasurement>
				<NamedMeasurement type="text/string" name="Completion Status">
					<Value>Completed</Value>
				</NamedMeasurement>
				<NamedMeasurement type="text/string" name="Command Line">
					<Value>/usr/bin/python3 "-u" "/opt/ros/jazzy/share/ament_cmake_test/cmake/run_test.py" "/home/hamr/hamster_ws/src/hamr_control/build/hamr_bringup/test_results/hamr_bringup/closed_loop_turn_test_math.xunit.xml" "--package-name" "hamr_bringup" "--output-file" "/home/hamr/hamster_ws/src/hamr_control/build/hamr_bringup/ament_cmake_pytest/closed_loop_turn_test_math.txt" "--command" "/usr/bin/python3" "-u" "-m" "pytest" "/home/hamr/hamster_ws/src/hamr_control/hamr_bringup/test/test_closed_loop_turn_test.py" "-o" "cache_dir=/home/hamr/hamster_ws/src/hamr_control/build/hamr_bringup/ament_cmake_pytest/closed_loop_turn_test_math/.cache" "--junit-xml=/home/hamr/hamster_ws/src/hamr_control/build/hamr_bringup/test_results/hamr_bringup/closed_loop_turn_test_math.xunit.xml" "--junit-prefix=hamr_bringup"</Value>
				</NamedMeasurement>
				<NamedMeasurement type="text/string" name="Environment">
					<Value>#CTEST_RESOURCE_GROUP_COUNT=</Value>
				</NamedMeasurement>
				<Measurement>
					<Value>-- run_test.py: invoking following command in '/home/hamr/hamster_ws/src/hamr_control/build/hamr_bringup':
 - /usr/bin/python3 -u -m pytest /home/hamr/hamster_ws/src/hamr_control/hamr_bringup/test/test_closed_loop_turn_test.py -o cache_dir=/home/hamr/hamster_ws/src/hamr_control/build/hamr_bringup/ament_cmake_pytest/closed_loop_turn_test_math/.cache --junit-xml=/home/hamr/hamster_ws/src/hamr_control/build/hamr_bringup/test_results/hamr_bringup/closed_loop_turn_test_math.xunit.xml --junit-prefix=hamr_bringup
============================= test session starts ==============================
platform linux -- Python 3.12.3, pytest-7.4.4, pluggy-1.4.0
cachedir: build/hamr_bringup/ament_cmake_pytest/closed_loop_turn_test_math/.cache
rootdir: /home/hamr/hamster_ws/src/hamr_control
plugins: ament-copyright-0.17.5, launch-testing-ros-0.26.12, launch-testing-3.4.11, ament-xmllint-0.17.5, ament-flake8-0.17.5, ament-lint-0.17.5, ament-pep257-0.17.5, colcon-core-0.20.1, cov-4.1.0
collected 54 items

../../hamr_bringup/test/test_closed_loop_turn_test.py .................. [ 33%]
....................................                                     [100%]

- generated xml file: /home/hamr/hamster_ws/src/hamr_control/build/hamr_bringup/test_results/hamr_bringup/closed_loop_turn_test_math.xunit.xml -
============================== 54 passed in 0.79s ==============================
-- run_test.py: return code 0
-- run_test.py: verify result file '/home/hamr/hamster_ws/src/hamr_control/build/hamr_bringup/test_results/hamr_bringup/closed_loop_turn_test_math.xunit.xml'
</Value>
				</Measurement>
			</Results>
			<Labels>
				<Label>pytest</Label>
			</Labels>
		</Test>
		<Test Status="passed">
			<Name>vicon_delivery_config</Name>
			<Path>.</Path>
			<FullName>./vicon_delivery_config</FullName>
			<FullCommandLine>/usr/bin/python3 "-u" "/opt/ros/jazzy/share/ament_cmake_test/cmake/run_test.py" "/home/hamr/hamster_ws/src/hamr_control/build/hamr_bringup/test_results/hamr_bringup/vicon_delivery_config.xunit.xml" "--package-name" "hamr_bringup" "--output-file" "/home/hamr/hamster_ws/src/hamr_control/build/hamr_bringup/ament_cmake_pytest/vicon_delivery_config.txt" "--command" "/usr/bin/python3" "-u" "-m" "pytest" "/home/hamr/hamster_ws/src/hamr_control/hamr_bringup/test/test_vicon_delivery_config.py" "-o" "cache_dir=/home/hamr/hamster_ws/src/hamr_control/build/hamr_bringup/ament_cmake_pytest/vicon_delivery_config/.cache" "--junit-xml=/home/hamr/hamster_ws/src/hamr_control/build/hamr_bringup/test_results/hamr_bringup/vicon_delivery_config.xunit.xml" "--junit-prefix=hamr_bringup"</FullCommandLine>
			<Results>
				<NamedMeasurement type="numeric/double" name="Execution Time">
					<Value>0.738205</Value>
				</NamedMeasurement>
				<NamedMeasurement type="numeric/double" name="Processors">
					<Value>1</Value>
				</NamedMeasurement>
				<NamedMeasurement type="text/string" name="Completion Status">
					<Value>Completed</Value>
				</NamedMeasurement>
				<NamedMeasurement type="text/string" name="Command Line">
					<Value>/usr/bin/python3 "-u" "/opt/ros/jazzy/share/ament_cmake_test/cmake/run_test.py" "/home/hamr/hamster_ws/src/hamr_control/build/hamr_bringup/test_results/hamr_bringup/vicon_delivery_config.xunit.xml" "--package-name" "hamr_bringup" "--output-file" "/home/hamr/hamster_ws/src/hamr_control/build/hamr_bringup/ament_cmake_pytest/vicon_delivery_config.txt" "--command" "/usr/bin/python3" "-u" "-m" "pytest" "/home/hamr/hamster_ws/src/hamr_control/hamr_bringup/test/test_vicon_delivery_config.py" "-o" "cache_dir=/home/hamr/hamster_ws/src/hamr_control/build/hamr_bringup/ament_cmake_pytest/vicon_delivery_config/.cache" "--junit-xml=/home/hamr/hamster_ws/src/hamr_control/build/hamr_bringup/test_results/hamr_bringup/vicon_delivery_config.xunit.xml" "--junit-prefix=hamr_bringup"</Value>
				</NamedMeasurement>
				<NamedMeasurement type="text/string" name="Environment">
					<Value>#CTEST_RESOURCE_GROUP_COUNT=</Value>
				</NamedMeasurement>
				<Measurement>
					<Value>-- run_test.py: invoking following command in '/home/hamr/hamster_ws/src/hamr_control/build/hamr_bringup':
 - /usr/bin/python3 -u -m pytest /home/hamr/hamster_ws/src/hamr_control/hamr_bringup/test/test_vicon_delivery_config.py -o cache_dir=/home/hamr/hamster_ws/src/hamr_control/build/hamr_bringup/ament_cmake_pytest/vicon_delivery_config/.cache --junit-xml=/home/hamr/hamster_ws/src/hamr_control/build/hamr_bringup/test_results/hamr_bringup/vicon_delivery_config.xunit.xml --junit-prefix=hamr_bringup
============================= test session starts ==============================
platform linux -- Python 3.12.3, pytest-7.4.4, pluggy-1.4.0
cachedir: build/hamr_bringup/ament_cmake_pytest/vicon_delivery_config/.cache
rootdir: /home/hamr/hamster_ws/src/hamr_control
plugins: ament-copyright-0.17.5, launch-testing-ros-0.26.12, launch-testing-3.4.11, ament-xmllint-0.17.5, ament-flake8-0.17.5, ament-lint-0.17.5, ament-pep257-0.17.5, colcon-core-0.20.1, cov-4.1.0
collected 6 items

../../hamr_bringup/test/test_vicon_delivery_config.py ......             [100%]

- generated xml file: /home/hamr/hamster_ws/src/hamr_control/build/hamr_bringup/test_results/hamr_bringup/vicon_delivery_config.xunit.xml -
============================== 6 passed in 0.05s ===============================
-- run_test.py: return code 0
-- run_test.py: verify result file '/home/hamr/hamster_ws/src/hamr_control/build/hamr_bringup/test_results/hamr_bringup/vicon_delivery_config.xunit.xml'
</Value>
				</Measurement>
			</Results>
			<Labels>
				<Label>pytest</Label>
			</Labels>
		</Test>
		<Test Status="passed">
			<Name>wheel_response_test_safety</Name>
			<Path>.</Path>
			<FullName>./wheel_response_test_safety</FullName>
			<FullCommandLine>/usr/bin/python3 "-u" "/opt/ros/jazzy/share/ament_cmake_test/cmake/run_test.py" "/home/hamr/hamster_ws/src/hamr_control/build/hamr_bringup/test_results/hamr_bringup/wheel_response_test_safety.xunit.xml" "--package-name" "hamr_bringup" "--output-file" "/home/hamr/hamster_ws/src/hamr_control/build/hamr_bringup/ament_cmake_pytest/wheel_response_test_safety.txt" "--command" "/usr/bin/python3" "-u" "-m" "pytest" "/home/hamr/hamster_ws/src/hamr_control/hamr_bringup/test/test_wheel_response_test.py" "-o" "cache_dir=/home/hamr/hamster_ws/src/hamr_control/build/hamr_bringup/ament_cmake_pytest/wheel_response_test_safety/.cache" "--junit-xml=/home/hamr/hamster_ws/src/hamr_control/build/hamr_bringup/test_results/hamr_bringup/wheel_response_test_safety.xunit.xml" "--junit-prefix=hamr_bringup"</FullCommandLine>
			<Results>
				<NamedMeasurement type="numeric/double" name="Execution Time">
					<Value>1.33081</Value>
				</NamedMeasurement>
				<NamedMeasurement type="numeric/double" name="Processors">
					<Value>1</Value>
				</NamedMeasurement>
				<NamedMeasurement type="text/string" name="Completion Status">
					<Value>Completed</Value>
				</NamedMeasurement>
				<NamedMeasurement type="text/string" name="Command Line">
					<Value>/usr/bin/python3 "-u" "/opt/ros/jazzy/share/ament_cmake_test/cmake/run_test.py" "/home/hamr/hamster_ws/src/hamr_control/build/hamr_bringup/test_results/hamr_bringup/wheel_response_test_safety.xunit.xml" "--package-name" "hamr_bringup" "--output-file" "/home/hamr/hamster_ws/src/hamr_control/build/hamr_bringup/ament_cmake_pytest/wheel_response_test_safety.txt" "--command" "/usr/bin/python3" "-u" "-m" "pytest" "/home/hamr/hamster_ws/src/hamr_control/hamr_bringup/test/test_wheel_response_test.py" "-o" "cache_dir=/home/hamr/hamster_ws/src/hamr_control/build/hamr_bringup/ament_cmake_pytest/wheel_response_test_safety/.cache" "--junit-xml=/home/hamr/hamster_ws/src/hamr_control/build/hamr_bringup/test_results/hamr_bringup/wheel_response_test_safety.xunit.xml" "--junit-prefix=hamr_bringup"</Value>
				</NamedMeasurement>
				<NamedMeasurement type="text/string" name="Environment">
					<Value>#CTEST_RESOURCE_GROUP_COUNT=</Value>
				</NamedMeasurement>
				<Measurement>
					<Value>-- run_test.py: invoking following command in '/home/hamr/hamster_ws/src/hamr_control/build/hamr_bringup':
 - /usr/bin/python3 -u -m pytest /home/hamr/hamster_ws/src/hamr_control/hamr_bringup/test/test_wheel_response_test.py -o cache_dir=/home/hamr/hamster_ws/src/hamr_control/build/hamr_bringup/ament_cmake_pytest/wheel_response_test_safety/.cache --junit-xml=/home/hamr/hamster_ws/src/hamr_control/build/hamr_bringup/test_results/hamr_bringup/wheel_response_test_safety.xunit.xml --junit-prefix=hamr_bringup
============================= test session starts ==============================
platform linux -- Python 3.12.3, pytest-7.4.4, pluggy-1.4.0
cachedir: build/hamr_bringup/ament_cmake_pytest/wheel_response_test_safety/.cache
rootdir: /home/hamr/hamster_ws/src/hamr_control
plugins: ament-copyright-0.17.5, launch-testing-ros-0.26.12, launch-testing-3.4.11, ament-xmllint-0.17.5, ament-flake8-0.17.5, ament-lint-0.17.5, ament-pep257-0.17.5, colcon-core-0.20.1, cov-4.1.0
collected 38 items

../../hamr_bringup/test/test_wheel_response_test.py .................... [ 52%]
..................                                                       [100%]

- generated xml file: /home/hamr/hamster_ws/src/hamr_control/build/hamr_bringup/test_results/hamr_bringup/wheel_response_test_safety.xunit.xml -
============================== 38 passed in 0.58s ==============================
-- run_test.py: return code 0
-- run_test.py: verify result file '/home/hamr/hamster_ws/src/hamr_control/build/hamr_bringup/test_results/hamr_bringup/wheel_response_test_safety.xunit.xml'
</Value>
				</Measurement>
			</Results>
			<Labels>
				<Label>pytest</Label>
			</Labels>
		</Test>
		<EndDateTime>Aug 20 17:49 EDT</EndDateTime>
		<EndTestTime>1787262574</EndTestTime>
		<ElapsedMinutes>0</ElapsedMinutes>
	</Testing>
</Site>
