<?xml version="1.0" encoding="utf-8"?><testsuites><testsuite name="pytest" errors="0" failures="0" skipped="0" tests="82" time="0.613" timestamp="2026-08-20T13:53:43.993842" hostname="hamr-desktop"><testcase classname="hamr_control.test.test_controller_safety" name="test_hardware_odom_subscriptions_use_latest_only_best_effort_qos" time="0.033" /><testcase classname="hamr_control.test.test_controller_safety" name="test_timestamp_freshness_requires_a_sample_and_rejects_clock_rewind" time="0.000" /><testcase classname="hamr_control.test.test_controller_safety" name="test_timestamp_freshness_boundary_and_disabled_timeout" time="0.000" /><testcase classname="hamr_control.test.test_controller_safety" name="test_disabled_turret_needs_no_feedback" time="0.000" /><testcase classname="hamr_control.test.test_controller_safety" name="test_enabled_turret_requires_feedback_for_the_active_mode" time="0.000" /><testcase classname="hamr_control.test.test_controller_safety" name="test_disabled_turret_command_is_hard_zero_without_changing_wheels" time="0.000" /><testcase classname="hamr_control.test.test_controller_safety" name="test_turret_command_policy_rejects_malformed_joint_vectors" time="0.000" /><testcase classname="hamr_control.test.test_controller_safety" name="test_shutdown_is_idempotent_and_repeats_zero_command" time="0.000" /><testcase classname="hamr_control.test.test_pid_derivative" name="test_time_scaled_filter_alpha_preserves_nominal_smoothing_over_time" time="0.001" /><testcase classname="hamr_control.test.test_pid_derivative" name="test_world_velocity_estimator_uses_irregular_source_intervals" time="0.001" /><testcase classname="hamr_control.test.test_pid_derivative" name="test_world_velocity_estimator_reprimes_repeated_or_backward_stamps" time="0.000" /><testcase classname="hamr_control.test.test_pid_derivative" name="test_tracking_velocity_error_rejects_unknown_or_nonfinite_inputs" time="0.000" /><testcase classname="hamr_control.test.test_pid_derivative" name="test_xy_feedforward_neutral_gain_does_not_change_reference" time="0.000" /><testcase classname="hamr_control.test.test_pid_derivative" name="test_xy_feedforward_applies_gain_without_changing_vector_direction" time="0.000" /><testcase classname="hamr_control.test.test_pid_derivative" name="test_xy_feedforward_caps_added_vector_norm_not_each_axis" time="0.000" /><testcase classname="hamr_control.test.test_pid_derivative" name="test_xy_feedforward_configuration_rejects_unsafe_values[0.99-0.03]" time="0.001" /><testcase classname="hamr_control.test.test_pid_derivative" name="test_xy_feedforward_configuration_rejects_unsafe_values[1.51-0.03]" time="0.001" /><testcase classname="hamr_control.test.test_pid_derivative" name="test_xy_feedforward_configuration_rejects_unsafe_values[1.1--0.001]" time="0.000" /><testcase classname="hamr_control.test.test_pid_derivative" name="test_xy_feedforward_configuration_rejects_unsafe_values[1.1-0.051]" time="0.000" /><testcase classname="hamr_control.test.test_pid_derivative" name="test_xy_feedforward_configuration_rejects_unsafe_values[nan-0.03]" time="0.000" /><testcase classname="hamr_control.test.test_pid_derivative" name="test_xy_feedforward_configuration_rejects_unsafe_values[1.1-inf]" time="0.000" /><testcase classname="hamr_control.test.test_pid_derivative" name="test_xy_feedforward_runtime_parameter_validation_is_transactional" time="0.000" /><testcase classname="hamr_control.test.test_pid_derivative" name="test_xy_feedforward_runtime_change_resets_pid_history_once" time="0.000" /><testcase classname="hamr_control.test.test_pid_derivative" name="test_pid_derivative_is_unchanged_by_position_setpoint_steps" time="0.001" /><testcase classname="hamr_control.test.test_pid_derivative" name="test_stationary_robot_velocity_feedback_is_smooth_under_50hz_holds" time="0.002" /><testcase classname="hamr_control.test.test_pid_derivative" name="test_async_50_82_100hz_perfect_tracking_has_no_derivative_chatter" time="0.002" /><testcase classname="hamr_control.test.test_pid_derivative" name="test_pid_filter_response_is_independent_of_control_tick_partitioning" time="0.001" /><testcase classname="hamr_control.test.test_pid_derivative" name="test_pid_uses_compensated_feedforward_but_original_velocity_objective" time="0.001" /><testcase classname="hamr_control.test.test_pid_derivative" name="test_pid_feedforward_extra_and_final_xy_command_remain_bounded" time="0.000" /><testcase classname="hamr_control.test.test_pid_derivative" name="test_xy_pid_is_continuous_across_two_centimeter_integral_threshold" time="0.000" /><testcase classname="hamr_control.test.test_pid_derivative" name="test_reset_reinitializes_velocity_and_primes_first_derivative_step" time="0.001" /><testcase classname="hamr_control.test.test_vicon_pose_guard" name="test_source_timestamp_accepts_age_and_future_skew_boundaries" time="0.000" /><testcase classname="hamr_control.test.test_vicon_pose_guard" name="test_source_timestamp_rejects_stale_future_and_zero_stamps" time="0.000" /><testcase classname="hamr_control.test.test_vicon_pose_guard" name="test_absolute_ground_pose_helper_accepts_inclusive_height_and_tilt_bounds" time="0.001" /><testcase classname="hamr_control.test.test_vicon_pose_guard" name="test_gravity_tilt_is_yaw_invariant" time="0.000" /><testcase classname="hamr_control.test.test_vicon_pose_guard" name="test_absolute_ground_pose_helper_rejects_height_tilt_and_invalid_inputs" time="0.000" /><testcase classname="hamr_control.test.test_vicon_pose_guard" name="test_recorded_stable_wrong_startup_pose_fails_absolute_envelope" time="0.000" /><testcase classname="hamr_control.test.test_vicon_pose_guard" name="test_stable_wrong_startup_never_becomes_baseline_or_recovery_candidate" time="0.001" /><testcase classname="hamr_control.test.test_vicon_pose_guard" name="test_absolute_startup_failure_requires_ten_valid_ground_samples_to_recover" time="0.001" /><testcase classname="hamr_control.test.test_vicon_pose_guard" name="test_normal_physical_translation_and_turning_are_accepted" time="0.000" /><testcase classname="hamr_control.test.test_vicon_pose_guard" name="test_quaternion_sign_flip_is_the_same_orientation" time="0.000" /><testcase classname="hamr_control.test.test_vicon_pose_guard" name="test_three_dimensional_position_jump_latches_including_vertical_motion" time="0.000" /><testcase classname="hamr_control.test.test_vicon_pose_guard" name="test_first_bag_marker_flip_sequence_is_rejected_against_clean_baseline" time="0.000" /><testcase classname="hamr_control.test.test_vicon_pose_guard" name="test_second_bag_roll_flip_sequence_is_rejected_despite_sane_position" time="0.000" /><testcase classname="hamr_control.test.test_vicon_pose_guard" name="test_recovery_requires_consecutive_samples_close_to_last_accepted_pose" time="0.001" /><testcase classname="hamr_control.test.test_vicon_pose_guard" name="test_invalid_first_sample_requires_full_stable_validation_run" time="0.001" /><testcase classname="hamr_control.test.test_vicon_pose_guard" name="test_recovery_samples_must_also_be_stable_relative_to_each_other" time="0.001" /><testcase classname="hamr_control.test.test_vicon_pose_guard" name="test_odom_callback_stops_immediately_without_accepting_or_refreshing_outlier" time="0.001" /><testcase classname="hamr_control.test.test_vicon_pose_guard" name="test_odom_callback_immediately_stops_on_stable_wrong_absolute_pose" time="0.000" /><testcase classname="hamr_control.test.test_vicon_pose_guard" name="test_isolated_stale_odom_is_dropped_without_disturbing_control_state" time="0.001" /><testcase classname="hamr_control.test.test_vicon_pose_guard" name="test_stale_odom_uses_exact_450ms_accepted_receipt_watchdog_boundary" time="0.001" /><testcase classname="hamr_control.test.test_vicon_pose_guard" name="test_future_and_zero_header_callbacks_latch_before_pose_validation" time="0.001" /><testcase classname="hamr_control.test.test_vicon_pose_guard" name="test_timestamp_fault_recovery_requires_ten_consecutive_fresh_samples" time="0.001" /><testcase classname="hamr_control.test.test_vicon_pose_guard" name="test_simulation_compatibility_when_vicon_guard_is_disabled" time="0.000" /><testcase classname="hamr_control.test.test_vicon_pose_guard" name="test_manual_mode_cannot_command_motion_while_vicon_guard_is_latched" time="0.000" /><testcase classname="hamr_control.test.test_vicon_pose_guard" name="test_manual_watchdog_zeros_a_held_command_when_vicon_goes_silent" time="0.000" /><testcase classname="hamr_control.test.test_vicon_pose_guard" name="test_auto_mode_cannot_run_pid_while_vicon_guard_is_latched" time="0.000" /><testcase classname="hamr_control.test.test_vicon_pose_guard" name="test_enabling_guard_invalidates_unchecked_odom_and_starts_validation" time="0.000" /><testcase classname="hamr_control.test.test_vicon_pose_guard" name="test_absolute_limit_validation_rejects_nonfinite_inverted_and_invalid_tilt" time="0.000" /><testcase classname="hamr_control.test.test_vicon_pose_guard" name="test_runtime_absolute_limit_change_stops_and_requires_fresh_validation" time="0.001" /><testcase classname="hamr_control.test.test_vicon_pose_guard" name="test_direct_invalid_runtime_absolute_update_fails_closed" time="0.000" /><testcase classname="hamr_control.test.test_vicon_reference_interlock" name="test_fault_invalidates_cached_reference_and_recovery_cannot_restart_it" time="0.000" /><testcase classname="hamr_control.test.test_vicon_reference_interlock" name="test_inhibit_refreshes_zero_even_when_control_clock_does_not_advance" time="0.000" /><testcase classname="hamr_control.test.test_vicon_reference_interlock" name="test_continuously_publishing_references_never_rearm_after_fault" time="0.000" /><testcase classname="hamr_control.test.test_vicon_reference_interlock" name="test_quiet_interval_then_subsequent_new_reference_rearms" time="0.000" /><testcase classname="hamr_control.test.test_vicon_reference_interlock" name="test_repeated_fault_restarts_the_entire_rearm_sequence" time="0.000" /><testcase classname="hamr_control.test.test_vicon_reference_interlock" name="test_startup_without_reference_stays_stopped_and_normal_start_is_unchanged" time="0.000" /><testcase classname="hamr_control.test.test_vicon_reference_interlock" name="test_fault_before_first_reference_still_requires_quiet_then_new_reference" time="0.000" /><testcase classname="hamr_control.test.test_vicon_reference_interlock" name="test_disabled_reference_watchdog_fails_closed_instead_of_auto_rearming" time="0.000" /><testcase classname="hamr_control.test.test_vicon_reference_interlock" name="test_total_vicon_silence_invalidates_an_active_auto_reference" time="0.000" /><testcase classname="hamr_control.test.test_vicon_reference_interlock" name="test_guarded_hardware_fails_closed_without_a_positive_odom_timeout[0.0]" time="0.000" /><testcase classname="hamr_control.test.test_vicon_reference_interlock" name="test_guarded_hardware_fails_closed_without_a_positive_odom_timeout[-0.1]" time="0.000" /><testcase classname="hamr_control.test.test_vicon_reference_interlock" name="test_guarded_hardware_fails_closed_without_a_positive_odom_timeout[nan]" time="0.000" /><testcase classname="hamr_control.test.test_vicon_reference_interlock" name="test_guarded_hardware_fails_closed_without_a_positive_odom_timeout[inf]" time="0.000" /><testcase classname="hamr_control.test.test_vicon_reference_interlock" name="test_manual_mode_remains_fail_closed_after_a_rejected_vicon_sample" time="0.000" /><testcase classname="hamr_control.test.test_wheel_pair_scaling" name="test_commands_inside_limit_are_unchanged" time="0.000" /><testcase classname="hamr_control.test.test_wheel_pair_scaling" name="test_overspeed_pair_uses_one_common_scale" time="0.000" /><testcase classname="hamr_control.test.test_wheel_pair_scaling" name="test_mirrored_turns_are_limited_symmetrically" time="0.000" /><testcase classname="hamr_control.test.test_wheel_pair_scaling" name="test_random_pairs_preserve_ratio_and_bound" time="0.002" /><testcase classname="hamr_control.test.test_wheel_pair_scaling" name="test_reference_timeout_requires_a_received_reference" time="0.000" /><testcase classname="hamr_control.test.test_wheel_pair_scaling" name="test_reference_timeout_boundary_and_expiry" time="0.000" /><testcase classname="hamr_control.test.test_wheel_pair_scaling" name="test_nonpositive_reference_timeout_disables_expiry" time="0.000" /></testsuite></testsuites>